[INFO] Scanning for projects...
[WARNING] 
[WARNING] Some problems were encountered while building the effective model for mtg-web:mtg-web:war:1.0
[WARNING] 'build.plugins.plugin.version' for org.mortbay.jetty:jetty-maven-plugin is missing. @ line 90, column 15
[WARNING] 
[WARNING] It is highly recommended to fix these problems because they threaten the stability of your build.
[WARNING] 
[WARNING] For this reason, future Maven versions might no longer support building such malformed projects.
[WARNING] 
[INFO]                                                                         
[INFO] ------------------------------------------------------------------------
[INFO] Building MtG :: Web 1.0
[INFO] ------------------------------------------------------------------------
[INFO] 
[INFO] >>> jetty-maven-plugin:8.1.11.v20130520:run (default-cli) @ mtg-web >>>
[INFO] 
[INFO] --- maven-resources-plugin:2.5:resources (default-resources) @ mtg-web ---
[debug] execute contextualize
[WARNING] File encoding has not been set, using platform encoding UTF-8, i.e. build is platform dependent!
[WARNING] Using platform encoding (UTF-8 actually) to copy filtered resources, i.e. build is platform dependent!
[INFO] Copying 7 resources
[INFO] 
[INFO] --- maven-compiler-plugin:3.1:compile (default-compile) @ mtg-web ---
[INFO] Nothing to compile - all classes are up to date
[INFO] 
[INFO] --- maven-resources-plugin:2.5:testResources (default-testResources) @ mtg-web ---
[debug] execute contextualize
[WARNING] Using platform encoding (UTF-8 actually) to copy filtered resources, i.e. build is platform dependent!
[INFO] Copying 1 resource
[INFO] 
[INFO] --- maven-compiler-plugin:3.1:testCompile (default-testCompile) @ mtg-web ---
[INFO] Nothing to compile - all classes are up to date
[INFO] 
[INFO] <<< jetty-maven-plugin:8.1.11.v20130520:run (default-cli) @ mtg-web <<<
[INFO] 
[INFO] --- jetty-maven-plugin:8.1.11.v20130520:run (default-cli) @ mtg-web ---
[INFO] Configuring Jetty for project: MtG :: Web
[INFO] webAppSourceDirectory not set. Defaulting to /home/mbmartinez/git/mtg/mtg-web/src/main/webapp
[INFO] Reload Mechanic: automatic
[INFO] Classes = /home/mbmartinez/git/mtg/mtg-web/target/classes
[INFO] Context path = /
[INFO] Tmp directory = /home/mbmartinez/git/mtg/mtg-web/target/tmp
[INFO] Web defaults = org/eclipse/jetty/webapp/webdefault.xml
[INFO] Web overrides =  none
[INFO] web.xml file = file:/home/mbmartinez/git/mtg/mtg-web/src/main/webapp/WEB-INF/web.xml
[INFO] Webapp directory = /home/mbmartinez/git/mtg/mtg-web/src/main/webapp
14:41:43,057 |-INFO in ch.qos.logback.classic.LoggerContext[default] - Could NOT find resource [logback.groovy]
14:41:43,058 |-INFO in ch.qos.logback.classic.LoggerContext[default] - Could NOT find resource [logback-test.xml]
14:41:43,058 |-INFO in ch.qos.logback.classic.LoggerContext[default] - Found resource [logback.xml] at [file:/home/mbmartinez/git/mtg/mtg-web/target/classes/logback.xml]
14:41:43,141 |-INFO in ch.qos.logback.core.joran.action.AppenderAction - About to instantiate appender of type [ch.qos.logback.core.ConsoleAppender]
14:41:43,146 |-INFO in ch.qos.logback.core.joran.action.AppenderAction - Naming appender as [STDOUT]
14:41:43,167 |-INFO in ch.qos.logback.core.joran.action.NestedComplexPropertyIA - Assuming default type [ch.qos.logback.classic.encoder.PatternLayoutEncoder] for [encoder] property
14:41:43,223 |-INFO in ch.qos.logback.core.joran.action.AppenderAction - About to instantiate appender of type [ch.qos.logback.core.FileAppender]
14:41:43,226 |-INFO in ch.qos.logback.core.joran.action.AppenderAction - Naming appender as [AUDITFILE]
14:41:43,229 |-INFO in ch.qos.logback.core.joran.action.NestedComplexPropertyIA - Assuming default type [ch.qos.logback.classic.encoder.PatternLayoutEncoder] for [encoder] property
14:41:43,230 |-INFO in ch.qos.logback.core.FileAppender[AUDITFILE] - File property is set to [/home/mbmartinez/Desktop/mtg/audit.log]
14:41:43,233 |-INFO in ch.qos.logback.classic.joran.action.LoggerAction - Setting level of logger [audit] to INFO
14:41:43,234 |-INFO in ch.qos.logback.core.joran.action.AppenderRefAction - Attaching appender named [AUDITFILE] to Logger[audit]
14:41:43,235 |-INFO in ch.qos.logback.classic.joran.action.LoggerAction - Setting level of logger [com.mtg] to DEBUG
14:41:43,235 |-INFO in ch.qos.logback.classic.joran.action.RootLoggerAction - Setting level of ROOT logger to INFO
14:41:43,235 |-INFO in ch.qos.logback.core.joran.action.AppenderRefAction - Attaching appender named [STDOUT] to Logger[ROOT]
14:41:43,235 |-INFO in ch.qos.logback.classic.joran.action.ConfigurationAction - End of configuration.
14:41:43,237 |-INFO in ch.qos.logback.classic.joran.JoranConfigurator@282f55 - Registering current configuration as safe fallback point
14:41:43.243 [main] INFO  o.s.web.context.ContextLoader - Root WebApplicationContext: initialization started
14:41:43.325 [main] INFO  o.s.w.c.s.AnnotationConfigWebApplicationContext - Refreshing Root WebApplicationContext: startup date [Mon Nov 25 14:41:43 PHT 2013]; root of context hierarchy
14:41:43.386 [main] INFO  o.s.c.a.ClassPathBeanDefinitionScanner - JSR-250 'javax.annotation.ManagedBean' found and supported for component scanning
14:41:43.388 [main] INFO  o.s.c.a.ClassPathBeanDefinitionScanner - JSR-330 'javax.inject.Named' annotation found and supported for component scanning
14:41:43.570 [main] INFO  o.s.w.c.s.AnnotationConfigWebApplicationContext - Found 60 annotated classes in package [com.mtg]
14:41:43.702 [main] INFO  o.s.c.a.ClassPathBeanDefinitionScanner - JSR-250 'javax.annotation.ManagedBean' found and supported for component scanning
14:41:43.702 [main] INFO  o.s.c.a.ClassPathBeanDefinitionScanner - JSR-330 'javax.inject.Named' annotation found and supported for component scanning
14:41:43.813 [main] INFO  o.s.c.a.ClassPathBeanDefinitionScanner - JSR-250 'javax.annotation.ManagedBean' found and supported for component scanning
14:41:43.813 [main] INFO  o.s.c.a.ClassPathBeanDefinitionScanner - JSR-330 'javax.inject.Named' annotation found and supported for component scanning
14:41:44.171 [main] INFO  o.s.c.a.ClassPathBeanDefinitionScanner - JSR-250 'javax.annotation.ManagedBean' found and supported for component scanning
14:41:44.171 [main] INFO  o.s.c.a.ClassPathBeanDefinitionScanner - JSR-330 'javax.inject.Named' annotation found and supported for component scanning
14:41:44.221 [main] INFO  o.s.b.f.s.DefaultListableBeanFactory - Overriding bean definition for bean 'accountService': replacing [Root bean: class [org.springframework.data.jpa.repository.support.JpaRepositoryFactoryBean]; scope=; abstract=false; lazyInit=false; autowireMode=0; dependencyCheck=0; autowireCandidate=true; primary=false; factoryBeanName=null; factoryMethodName=null; initMethodName=null; destroyMethodName=null] with [Root bean: class [org.springframework.data.jpa.repository.support.JpaRepositoryFactoryBean]; scope=; abstract=false; lazyInit=false; autowireMode=0; dependencyCheck=0; autowireCandidate=true; primary=false; factoryBeanName=null; factoryMethodName=null; initMethodName=null; destroyMethodName=null]
14:41:44.223 [main] INFO  o.s.c.a.ClassPathBeanDefinitionScanner - JSR-250 'javax.annotation.ManagedBean' found and supported for component scanning
14:41:44.224 [main] INFO  o.s.c.a.ClassPathBeanDefinitionScanner - JSR-330 'javax.inject.Named' annotation found and supported for component scanning
14:41:44.232 [main] INFO  o.s.c.a.ClassPathBeanDefinitionScanner - JSR-250 'javax.annotation.ManagedBean' found and supported for component scanning
14:41:44.232 [main] INFO  o.s.c.a.ClassPathBeanDefinitionScanner - JSR-330 'javax.inject.Named' annotation found and supported for component scanning
14:41:44.256 [main] INFO  o.s.c.a.ClassPathBeanDefinitionScanner - JSR-250 'javax.annotation.ManagedBean' found and supported for component scanning
14:41:44.257 [main] INFO  o.s.c.a.ClassPathBeanDefinitionScanner - JSR-330 'javax.inject.Named' annotation found and supported for component scanning
14:41:44.342 [main] INFO  o.s.b.f.s.DefaultListableBeanFactory - Overriding bean definition for bean 'postService': replacing [Root bean: class [org.springframework.data.jpa.repository.support.JpaRepositoryFactoryBean]; scope=; abstract=false; lazyInit=false; autowireMode=0; dependencyCheck=0; autowireCandidate=true; primary=false; factoryBeanName=null; factoryMethodName=null; initMethodName=null; destroyMethodName=null] with [Root bean: class [org.springframework.data.jpa.repository.support.JpaRepositoryFactoryBean]; scope=; abstract=false; lazyInit=false; autowireMode=0; dependencyCheck=0; autowireCandidate=true; primary=false; factoryBeanName=null; factoryMethodName=null; initMethodName=null; destroyMethodName=null]
14:41:44.344 [main] INFO  o.s.b.f.s.DefaultListableBeanFactory - Overriding bean definition for bean 'commentService': replacing [Root bean: class [org.springframework.data.jpa.repository.support.JpaRepositoryFactoryBean]; scope=; abstract=false; lazyInit=false; autowireMode=0; dependencyCheck=0; autowireCandidate=true; primary=false; factoryBeanName=null; factoryMethodName=null; initMethodName=null; destroyMethodName=null] with [Root bean: class [org.springframework.data.jpa.repository.support.JpaRepositoryFactoryBean]; scope=; abstract=false; lazyInit=false; autowireMode=0; dependencyCheck=0; autowireCandidate=true; primary=false; factoryBeanName=null; factoryMethodName=null; initMethodName=null; destroyMethodName=null]
14:41:44.356 [main] INFO  o.s.b.f.s.DefaultListableBeanFactory - Overriding bean definition for bean 'frontpageService': replacing [Root bean: class [org.springframework.data.jpa.repository.support.JpaRepositoryFactoryBean]; scope=; abstract=false; lazyInit=false; autowireMode=0; dependencyCheck=0; autowireCandidate=true; primary=false; factoryBeanName=null; factoryMethodName=null; initMethodName=null; destroyMethodName=null] with [Root bean: class [org.springframework.data.jpa.repository.support.JpaRepositoryFactoryBean]; scope=; abstract=false; lazyInit=false; autowireMode=0; dependencyCheck=0; autowireCandidate=true; primary=false; factoryBeanName=null; factoryMethodName=null; initMethodName=null; destroyMethodName=null]
14:41:44.682 [main] INFO  o.s.b.f.a.AutowiredAnnotationBeanPostProcessor - JSR-330 'javax.inject.Inject' annotation found and supported for autowiring
14:41:45.045 [main] INFO  o.s.w.c.s.AnnotationConfigWebApplicationContext - Bean 'commonsPersistenceConfig' of type [class com.mtg.commons.services.config.CommonsPersistenceConfig$$EnhancerByCGLIB$$cf1eee67] is not eligible for getting processed by all BeanPostProcessors (for example: not eligible for auto-proxying)
14:41:45.075 [main] INFO  o.s.w.c.s.AnnotationConfigWebApplicationContext - Bean 'hibernateExceptionTranslator' of type [class org.springframework.orm.hibernate4.HibernateExceptionTranslator] is not eligible for getting processed by all BeanPostProcessors (for example: not eligible for auto-proxying)
14:41:45.308 [main] INFO  o.s.w.c.s.AnnotationConfigWebApplicationContext - Bean 'org.springframework.transaction.annotation.ProxyTransactionManagementConfiguration' of type [class org.springframework.transaction.annotation.ProxyTransactionManagementConfiguration$$EnhancerByCGLIB$$9d1a400c] is not eligible for getting processed by all BeanPostProcessors (for example: not eligible for auto-proxying)
14:41:45.649 [main] INFO  o.s.w.c.s.AnnotationConfigWebApplicationContext - Bean 'transactionAttributeSource' of type [class org.springframework.transaction.annotation.AnnotationTransactionAttributeSource] is not eligible for getting processed by all BeanPostProcessors (for example: not eligible for auto-proxying)
14:41:45.673 [main] INFO  o.s.w.c.s.AnnotationConfigWebApplicationContext - Bean 'transactionInterceptor' of type [class org.springframework.transaction.interceptor.TransactionInterceptor] is not eligible for getting processed by all BeanPostProcessors (for example: not eligible for auto-proxying)
14:41:45.683 [main] INFO  o.s.w.c.s.AnnotationConfigWebApplicationContext - Bean 'org.springframework.transaction.config.internalTransactionAdvisor' of type [class org.springframework.transaction.interceptor.BeanFactoryTransactionAttributeSourceAdvisor] is not eligible for getting processed by all BeanPostProcessors (for example: not eligible for auto-proxying)
14:41:46.500 [main] INFO  o.s.o.j.LocalContainerEntityManagerFactoryBean - Building JPA container EntityManagerFactory for persistence unit 'default'
14:41:46.652 [main] INFO  o.h.annotations.common.Version - HCANN000001: Hibernate Commons Annotations {4.0.1.Final}
14:41:46.660 [main] INFO  org.hibernate.Version - HHH000412: Hibernate Core {4.1.9.Final}
14:41:46.664 [main] INFO  org.hibernate.cfg.Environment - HHH000206: hibernate.properties not found
14:41:46.665 [main] INFO  org.hibernate.cfg.Environment - HHH000021: Bytecode provider name : javassist
14:41:46.686 [main] INFO  org.hibernate.ejb.Ejb3Configuration - HHH000204: Processing PersistenceUnitInfo [
	name: default
	...]
14:41:47.180 [main] INFO  o.h.s.j.c.i.ConnectionProviderInitiator - HHH000130: Instantiating explicit connection provider: org.hibernate.ejb.connection.InjectedDataSourceConnectionProvider
14:41:47.593 [main] INFO  org.hibernate.dialect.Dialect - HHH000400: Using dialect: org.hibernate.dialect.MySQL5Dialect
14:41:47.607 [main] INFO  o.h.e.j.internal.LobCreatorBuilder - HHH000424: Disabling contextual LOB creation as createClob() method threw error : java.lang.reflect.InvocationTargetException
14:41:47.629 [main] INFO  o.h.e.t.i.TransactionFactoryInitiator - HHH000268: Transaction strategy: org.hibernate.engine.transaction.internal.jdbc.JdbcTransactionFactory
14:41:47.636 [main] INFO  o.h.h.i.a.ASTQueryTranslatorFactory - HHH000397: Using ASTQueryTranslatorFactory
14:41:47.689 [main] INFO  org.hibernate.validator.util.Version - Hibernate Validator 4.1.0.Final
14:41:47.696 [main] INFO  o.h.v.e.r.DefaultTraversableResolver - Instantiated an instance of org.hibernate.validator.engine.resolver.JPATraversableResolver.
14:41:47.825 [main] INFO  o.h.v.e.r.DefaultTraversableResolver - Instantiated an instance of org.hibernate.validator.engine.resolver.JPATraversableResolver.
14:41:48.193 [main] INFO  o.h.tool.hbm2ddl.SchemaUpdate - HHH000228: Running hbm2ddl schema update
14:41:48.193 [main] INFO  o.h.tool.hbm2ddl.SchemaUpdate - HHH000102: Fetching database metadata
14:41:48.198 [main] INFO  o.h.tool.hbm2ddl.SchemaUpdate - HHH000396: Updating schema
14:41:48.221 [main] INFO  o.h.tool.hbm2ddl.TableMetadata - HHH000261: Table found: mtg.accountinfo
14:41:48.222 [main] INFO  o.h.tool.hbm2ddl.TableMetadata - HHH000037: Columns: [id, joined, email, authenticationcode, authenticated, lastlogin]
14:41:48.222 [main] INFO  o.h.tool.hbm2ddl.TableMetadata - HHH000108: Foreign keys: []
14:41:48.223 [main] INFO  o.h.tool.hbm2ddl.TableMetadata - HHH000126: Indexes: [primary]
14:41:48.232 [main] INFO  o.h.tool.hbm2ddl.TableMetadata - HHH000261: Table found: mtg.accounts
14:41:48.232 [main] INFO  o.h.tool.hbm2ddl.TableMetadata - HHH000037: Columns: [id, username, authorities, info_id, player_id, password, banned]
14:41:48.232 [main] INFO  o.h.tool.hbm2ddl.TableMetadata - HHH000108: Foreign keys: [fk809dbbe62fb864e3, fk809dbbe6a7b7f8d6]
14:41:48.232 [main] INFO  o.h.tool.hbm2ddl.TableMetadata - HHH000126: Indexes: [username, fk809dbbe62fb864e3, primary, fk809dbbe6a7b7f8d6]
14:41:48.239 [main] INFO  o.h.tool.hbm2ddl.TableMetadata - HHH000261: Table found: mtg.binderpages
14:41:48.239 [main] INFO  o.h.tool.hbm2ddl.TableMetadata - HHH000037: Columns: [id, binder_id, pagenumber]
14:41:48.239 [main] INFO  o.h.tool.hbm2ddl.TableMetadata - HHH000108: Foreign keys: [fk22bed45af43d1a16]
14:41:48.239 [main] INFO  o.h.tool.hbm2ddl.TableMetadata - HHH000126: Indexes: [primary, fk22bed45af43d1a16]
14:41:48.246 [main] INFO  o.h.tool.hbm2ddl.TableMetadata - HHH000261: Table found: mtg.binderpages_bundles
14:41:48.246 [main] INFO  o.h.tool.hbm2ddl.TableMetadata - HHH000037: Columns: [binderpages_id, bundles_order, bundles_id]
14:41:48.246 [main] INFO  o.h.tool.hbm2ddl.TableMetadata - HHH000108: Foreign keys: [fkeb50614c7e268907, fkeb50614c6228e115]
14:41:48.246 [main] INFO  o.h.tool.hbm2ddl.TableMetadata - HHH000126: Indexes: [fkeb50614c6228e115, fkeb50614c7e268907, primary]
14:41:48.255 [main] INFO  o.h.tool.hbm2ddl.TableMetadata - HHH000261: Table found: mtg.binders
14:41:48.255 [main] INFO  o.h.tool.hbm2ddl.TableMetadata - HHH000037: Columns: [id, url_fragment, description, name, owner_id, lastmodified, image_id]
14:41:48.255 [main] INFO  o.h.tool.hbm2ddl.TableMetadata - HHH000108: Foreign keys: [fkf98ca00926f23d1, fkf98ca009d29d20d7]
14:41:48.255 [main] INFO  o.h.tool.hbm2ddl.TableMetadata - HHH000126: Indexes: [fkf98ca00926f23d1, primary, fkf98ca009d29d20d7]
14:41:48.262 [main] INFO  o.h.tool.hbm2ddl.TableMetadata - HHH000261: Table found: mtg.binders_binderpages
14:41:48.262 [main] INFO  o.h.tool.hbm2ddl.TableMetadata - HHH000037: Columns: [pages_id, binders_id]
14:41:48.262 [main] INFO  o.h.tool.hbm2ddl.TableMetadata - HHH000108: Foreign keys: [fk4be30d243866156b, fk4be30d247f0d7f57]
14:41:48.262 [main] INFO  o.h.tool.hbm2ddl.TableMetadata - HHH000126: Indexes: [pages_id, fk4be30d243866156b, fk4be30d247f0d7f57]
14:41:48.269 [main] INFO  o.h.tool.hbm2ddl.TableMetadata - HHH000261: Table found: mtg.bundles
14:41:48.269 [main] INFO  o.h.tool.hbm2ddl.TableMetadata - HHH000037: Columns: [id, count, page_id, lastmodified, card_id, note]
14:41:48.269 [main] INFO  o.h.tool.hbm2ddl.TableMetadata - HHH000108: Foreign keys: [fke06e031e763531d, fke06e031d538aac0]
14:41:48.269 [main] INFO  o.h.tool.hbm2ddl.TableMetadata - HHH000126: Indexes: [fke06e031e763531d, fke06e031d538aac0, primary]
14:41:48.277 [main] INFO  o.h.tool.hbm2ddl.TableMetadata - HHH000261: Table found: mtg.card
14:41:48.278 [main] INFO  o.h.tool.hbm2ddl.TableMetadata - HHH000037: Columns: [id, exp, url_fragment, description, subtype, name, rarity, cardlink, supertype, cost, image_id]
14:41:48.278 [main] INFO  o.h.tool.hbm2ddl.TableMetadata - HHH000108: Foreign keys: [fk2e7b10d29d20d7, fk2e7b1025e68159]
14:41:48.278 [main] INFO  o.h.tool.hbm2ddl.TableMetadata - HHH000126: Indexes: [fk2e7b1025e68159, fk2e7b10d29d20d7, primary]
14:41:48.288 [main] INFO  o.h.tool.hbm2ddl.TableMetadata - HHH000261: Table found: mtg.cities
14:41:48.288 [main] INFO  o.h.tool.hbm2ddl.TableMetadata - HHH000037: Columns: [id, url_fragment, description, country_id, name, image_id, banned]
14:41:48.289 [main] INFO  o.h.tool.hbm2ddl.TableMetadata - HHH000108: Foreign keys: [fkaeedbb49d29d20d7, fkaeedbb49574f20e7]
14:41:48.289 [main] INFO  o.h.tool.hbm2ddl.TableMetadata - HHH000126: Indexes: [fkaeedbb49d29d20d7, fkaeedbb49574f20e7, primary]
14:41:48.296 [main] INFO  o.h.tool.hbm2ddl.TableMetadata - HHH000261: Table found: mtg.cities_magicplayers
14:41:48.296 [main] INFO  o.h.tool.hbm2ddl.TableMetadata - HHH000037: Columns: [players_id, cities_id]
14:41:48.296 [main] INFO  o.h.tool.hbm2ddl.TableMetadata - HHH000108: Foreign keys: [fk80ea589b1c478072, fk80ea589b45ddef6f]
14:41:48.296 [main] INFO  o.h.tool.hbm2ddl.TableMetadata - HHH000126: Indexes: [fk80ea589b1c478072, fk80ea589b45ddef6f]
14:41:48.302 [main] INFO  o.h.tool.hbm2ddl.TableMetadata - HHH000261: Table found: mtg.cities_moderators
14:41:48.302 [main] INFO  o.h.tool.hbm2ddl.TableMetadata - HHH000037: Columns: [cities_id, moderators_id]
14:41:48.303 [main] INFO  o.h.tool.hbm2ddl.TableMetadata - HHH000108: Foreign keys: [fk6917dec445ddef6f, fk6917dec42c71d896]
14:41:48.303 [main] INFO  o.h.tool.hbm2ddl.TableMetadata - HHH000126: Indexes: [fk6917dec445ddef6f, primary, fk6917dec42c71d896]
14:41:48.308 [main] INFO  o.h.tool.hbm2ddl.TableMetadata - HHH000261: Table found: mtg.cities_posts
14:41:48.308 [main] INFO  o.h.tool.hbm2ddl.TableMetadata - HHH000037: Columns: [cities_id, posts_id]
14:41:48.308 [main] INFO  o.h.tool.hbm2ddl.TableMetadata - HHH000108: Foreign keys: [fkf4973f5d45ddef6f, fkf4973f5d4d5fb016]
14:41:48.308 [main] INFO  o.h.tool.hbm2ddl.TableMetadata - HHH000126: Indexes: [fkf4973f5d45ddef6f, posts_id, fkf4973f5d4d5fb016]
14:41:48.319 [main] INFO  o.h.tool.hbm2ddl.TableMetadata - HHH000261: Table found: mtg.comments
14:41:48.319 [main] INFO  o.h.tool.hbm2ddl.TableMetadata - HHH000037: Columns: [id, comment_id, postdate, text, author_id, post_id, replycount, deleted]
14:41:48.319 [main] INFO  o.h.tool.hbm2ddl.TableMetadata - HHH000108: Foreign keys: [fkdc17ddf4f74165f9, fkdc17ddf48e14429, fkdc17ddf46fb2808b]
14:41:48.319 [main] INFO  o.h.tool.hbm2ddl.TableMetadata - HHH000126: Indexes: [fkdc17ddf48e14429, fkdc17ddf4f74165f9, fkdc17ddf46fb2808b, primary]
14:41:48.328 [main] INFO  o.h.tool.hbm2ddl.TableMetadata - HHH000261: Table found: mtg.comments_comments
14:41:48.329 [main] INFO  o.h.tool.hbm2ddl.TableMetadata - HHH000037: Columns: [replies_id, comments_id]
14:41:48.329 [main] INFO  o.h.tool.hbm2ddl.TableMetadata - HHH000108: Foreign keys: [fkebeda3dfb789ecd6, fkebeda3dffe653142]
14:41:48.329 [main] INFO  o.h.tool.hbm2ddl.TableMetadata - HHH000126: Indexes: [fkebeda3dfb789ecd6, fkebeda3dffe653142, replies_id]
14:41:48.337 [main] INFO  o.h.tool.hbm2ddl.TableMetadata - HHH000261: Table found: mtg.countries
14:41:48.337 [main] INFO  o.h.tool.hbm2ddl.TableMetadata - HHH000037: Columns: [id, url_fragment, description, name, flag_id, image_id]
14:41:48.337 [main] INFO  o.h.tool.hbm2ddl.TableMetadata - HHH000108: Foreign keys: [fk509f9ab4d767c526, fk509f9ab4d29d20d7]
14:41:48.337 [main] INFO  o.h.tool.hbm2ddl.TableMetadata - HHH000126: Indexes: [primary, fk509f9ab4d767c526, fk509f9ab4d29d20d7]
14:41:48.344 [main] INFO  o.h.tool.hbm2ddl.TableMetadata - HHH000261: Table found: mtg.countries_moderators
14:41:48.344 [main] INFO  o.h.tool.hbm2ddl.TableMetadata - HHH000037: Columns: [moderators_id, countries_id]
14:41:48.344 [main] INFO  o.h.tool.hbm2ddl.TableMetadata - HHH000108: Foreign keys: [fk7514be79d149a109, fk7514be792c71d896]
14:41:48.344 [main] INFO  o.h.tool.hbm2ddl.TableMetadata - HHH000126: Indexes: [fk7514be79d149a109, primary, fk7514be792c71d896]
14:41:48.349 [main] INFO  o.h.tool.hbm2ddl.TableMetadata - HHH000261: Table found: mtg.countries_posts
14:41:48.349 [main] INFO  o.h.tool.hbm2ddl.TableMetadata - HHH000037: Columns: [posts_id, countries_id]
14:41:48.349 [main] INFO  o.h.tool.hbm2ddl.TableMetadata - HHH000108: Foreign keys: [fk7760a2884d5fb016, fk7760a288d149a109]
14:41:48.349 [main] INFO  o.h.tool.hbm2ddl.TableMetadata - HHH000126: Indexes: [posts_id, fk7760a2884d5fb016, fk7760a288d149a109]
14:41:48.355 [main] INFO  o.h.tool.hbm2ddl.TableMetadata - HHH000261: Table found: mtg.decks
14:41:48.355 [main] INFO  o.h.tool.hbm2ddl.TableMetadata - HHH000037: Columns: [id, url_fragment, description, name, owner_id, image_id]
14:41:48.356 [main] INFO  o.h.tool.hbm2ddl.TableMetadata - HHH000108: Foreign keys: [fk5b098ead29d20d7, fk5b098ea26f23d1]
14:41:48.356 [main] INFO  o.h.tool.hbm2ddl.TableMetadata - HHH000126: Indexes: [primary, fk5b098ead29d20d7, fk5b098ea26f23d1]
14:41:48.362 [main] INFO  o.h.tool.hbm2ddl.TableMetadata - HHH000261: Table found: mtg.decks_card
14:41:48.362 [main] INFO  o.h.tool.hbm2ddl.TableMetadata - HHH000037: Columns: [decks_id, cards_id]
14:41:48.362 [main] INFO  o.h.tool.hbm2ddl.TableMetadata - HHH000108: Foreign keys: [fkfda59d4548c52cd5, fkfda59d45c5ef21ea]
14:41:48.362 [main] INFO  o.h.tool.hbm2ddl.TableMetadata - HHH000126: Indexes: [fkfda59d4548c52cd5, fkfda59d45c5ef21ea]
14:41:48.374 [main] INFO  o.h.tool.hbm2ddl.TableMetadata - HHH000261: Table found: mtg.expansions
14:41:48.374 [main] INFO  o.h.tool.hbm2ddl.TableMetadata - HHH000037: Columns: [id, series, rare_id, url_fragment, description, name, mythic_id, common_id, code, uncommon_id, image_id]
14:41:48.374 [main] INFO  o.h.tool.hbm2ddl.TableMetadata - HHH000108: Foreign keys: [fk2108cb94f02c0398, fk2108cb94405be430, fk2108cb94ad4a1647, fk2108cb94b15e63ce, fk2108cb94d29d20d7]
14:41:48.374 [main] INFO  o.h.tool.hbm2ddl.TableMetadata - HHH000126: Indexes: [fk2108cb94405be430, fk2108cb94f02c0398, fk2108cb94ad4a1647, primary, fk2108cb94b15e63ce, fk2108cb94d29d20d7]
14:41:48.381 [main] INFO  o.h.tool.hbm2ddl.TableMetadata - HHH000261: Table found: mtg.frontpage
14:41:48.382 [main] INFO  o.h.tool.hbm2ddl.TableMetadata - HHH000037: Columns: [id]
14:41:48.382 [main] INFO  o.h.tool.hbm2ddl.TableMetadata - HHH000108: Foreign keys: []
14:41:48.382 [main] INFO  o.h.tool.hbm2ddl.TableMetadata - HHH000126: Indexes: [primary]
14:41:48.392 [main] INFO  o.h.tool.hbm2ddl.TableMetadata - HHH000261: Table found: mtg.frontpage_posts
14:41:48.392 [main] INFO  o.h.tool.hbm2ddl.TableMetadata - HHH000037: Columns: [frontpage_id, posts_id]
14:41:48.392 [main] INFO  o.h.tool.hbm2ddl.TableMetadata - HHH000108: Foreign keys: [fkf3eed90c6075fdab, fkf3eed90c4d5fb016]
14:41:48.393 [main] INFO  o.h.tool.hbm2ddl.TableMetadata - HHH000126: Indexes: [posts_id, fkf3eed90c6075fdab, fkf3eed90c4d5fb016]
14:41:48.408 [main] INFO  o.h.tool.hbm2ddl.TableMetadata - HHH000261: Table found: mtg.image
14:41:48.408 [main] INFO  o.h.tool.hbm2ddl.TableMetadata - HHH000037: Columns: [id, originalpath, path]
14:41:48.409 [main] INFO  o.h.tool.hbm2ddl.TableMetadata - HHH000108: Foreign keys: []
14:41:48.409 [main] INFO  o.h.tool.hbm2ddl.TableMetadata - HHH000126: Indexes: [primary]
14:41:48.423 [main] INFO  o.h.tool.hbm2ddl.TableMetadata - HHH000261: Table found: mtg.magicplayers
14:41:48.424 [main] INFO  o.h.tool.hbm2ddl.TableMetadata - HHH000037: Columns: [id, url_fragment, description, country_id, name, contact, image_id]
14:41:48.424 [main] INFO  o.h.tool.hbm2ddl.TableMetadata - HHH000108: Foreign keys: [fkd9924b65d29d20d7, fkd9924b65574f20e7]
14:41:48.424 [main] INFO  o.h.tool.hbm2ddl.TableMetadata - HHH000126: Indexes: [fkd9924b65d29d20d7, fkd9924b65574f20e7, primary]
14:41:48.435 [main] INFO  o.h.tool.hbm2ddl.TableMetadata - HHH000261: Table found: mtg.magicplayers_binders
14:41:48.435 [main] INFO  o.h.tool.hbm2ddl.TableMetadata - HHH000037: Columns: [binders_id, magicplayers_id]
14:41:48.436 [main] INFO  o.h.tool.hbm2ddl.TableMetadata - HHH000108: Foreign keys: [fk39335d2fa6c2b5df, fk39335d2f7f0d7f57]
14:41:48.436 [main] INFO  o.h.tool.hbm2ddl.TableMetadata - HHH000126: Indexes: [fk39335d2fa6c2b5df, fk39335d2f7f0d7f57, binders_id]
14:41:48.442 [main] INFO  o.h.tool.hbm2ddl.TableMetadata - HHH000261: Table found: mtg.magicplayers_decks
14:41:48.442 [main] INFO  o.h.tool.hbm2ddl.TableMetadata - HHH000037: Columns: [decks_id, magicplayers_id]
14:41:48.442 [main] INFO  o.h.tool.hbm2ddl.TableMetadata - HHH000108: Foreign keys: [fkde106790a6c2b5df, fkde10679048c52cd5]
14:41:48.443 [main] INFO  o.h.tool.hbm2ddl.TableMetadata - HHH000126: Indexes: [fkde106790a6c2b5df, decks_id, fkde10679048c52cd5]
14:41:48.450 [main] INFO  o.h.tool.hbm2ddl.TableMetadata - HHH000261: Table found: mtg.magicplayers_saved
14:41:48.450 [main] INFO  o.h.tool.hbm2ddl.TableMetadata - HHH000037: Columns: [save_order, saved_id, magicplayers_id]
14:41:48.450 [main] INFO  o.h.tool.hbm2ddl.TableMetadata - HHH000108: Foreign keys: [fkdee23d2da6c2b5df, fkdee23d2da4b050e2]
14:41:48.450 [main] INFO  o.h.tool.hbm2ddl.TableMetadata - HHH000126: Indexes: [fkdee23d2da6c2b5df, primary, fkdee23d2da4b050e2]
14:41:48.454 [main] INFO  o.h.tool.hbm2ddl.TableMetadata - HHH000261: Table found: mtg.magicplayers_wanted
14:41:48.454 [main] INFO  o.h.tool.hbm2ddl.TableMetadata - HHH000037: Columns: [wanted_id, magicplayers_id]
14:41:48.455 [main] INFO  o.h.tool.hbm2ddl.TableMetadata - HHH000108: Foreign keys: [fk43560c91d7d3ff6, fk43560c9a6c2b5df]
14:41:48.455 [main] INFO  o.h.tool.hbm2ddl.TableMetadata - HHH000126: Indexes: [fk43560c91d7d3ff6, fk43560c9a6c2b5df]
14:41:48.461 [main] INFO  o.h.tool.hbm2ddl.TableMetadata - HHH000261: Table found: mtg.meetups
14:41:48.461 [main] INFO  o.h.tool.hbm2ddl.TableMetadata - HHH000037: Columns: [city_id, id, url_fragment, description, name, image_id, banned]
14:41:48.461 [main] INFO  o.h.tool.hbm2ddl.TableMetadata - HHH000108: Foreign keys: [fk38267791d29d20d7, fk38267791d197c60d]
14:41:48.461 [main] INFO  o.h.tool.hbm2ddl.TableMetadata - HHH000126: Indexes: [primary, fk38267791d29d20d7, fk38267791d197c60d]
14:41:48.466 [main] INFO  o.h.tool.hbm2ddl.TableMetadata - HHH000261: Table found: mtg.meetups_magicplayers
14:41:48.467 [main] INFO  o.h.tool.hbm2ddl.TableMetadata - HHH000037: Columns: [meetups_id, players_id]
14:41:48.467 [main] INFO  o.h.tool.hbm2ddl.TableMetadata - HHH000108: Foreign keys: [fk1923d1531c478072, fk1923d15361f9c11e]
14:41:48.467 [main] INFO  o.h.tool.hbm2ddl.TableMetadata - HHH000126: Indexes: [fk1923d1531c478072, fk1923d15361f9c11e]
14:41:48.472 [main] INFO  o.h.tool.hbm2ddl.TableMetadata - HHH000261: Table found: mtg.meetups_moderators
14:41:48.472 [main] INFO  o.h.tool.hbm2ddl.TableMetadata - HHH000037: Columns: [meetups_id, moderators_id]
14:41:48.473 [main] INFO  o.h.tool.hbm2ddl.TableMetadata - HHH000108: Foreign keys: [fkc48257c2c71d896, fkc48257c61f9c11e]
14:41:48.473 [main] INFO  o.h.tool.hbm2ddl.TableMetadata - HHH000126: Indexes: [fkc48257c2c71d896, fkc48257c61f9c11e, primary]
14:41:48.477 [main] INFO  o.h.tool.hbm2ddl.TableMetadata - HHH000261: Table found: mtg.meetups_posts
14:41:48.477 [main] INFO  o.h.tool.hbm2ddl.TableMetadata - HHH000037: Columns: [meetups_id, posts_id]
14:41:48.477 [main] INFO  o.h.tool.hbm2ddl.TableMetadata - HHH000108: Foreign keys: [fka813a5a54d5fb016, fka813a5a561f9c11e]
14:41:48.477 [main] INFO  o.h.tool.hbm2ddl.TableMetadata - HHH000126: Indexes: [posts_id, fka813a5a54d5fb016, fka813a5a561f9c11e]
14:41:48.482 [main] INFO  o.h.tool.hbm2ddl.TableMetadata - HHH000261: Table found: mtg.message
14:41:48.483 [main] INFO  o.h.tool.hbm2ddl.TableMetadata - HHH000037: Columns: [message, id, description, message_key]
14:41:48.483 [main] INFO  o.h.tool.hbm2ddl.TableMetadata - HHH000108: Foreign keys: []
14:41:48.483 [main] INFO  o.h.tool.hbm2ddl.TableMetadata - HHH000126: Indexes: [primary, message_key]
14:41:48.496 [main] INFO  o.h.tool.hbm2ddl.TableMetadata - HHH000261: Table found: mtg.posts
14:41:48.497 [main] INFO  o.h.tool.hbm2ddl.TableMetadata - HHH000037: Columns: [postdate, text, country_id, link, parentid, meetup_id, deleted, replycount, urlfragment, id, city_id, parenttype, title, frontpage_id, linkdomain, author_id]
14:41:48.497 [main] INFO  o.h.tool.hbm2ddl.TableMetadata - HHH000108: Foreign keys: [fk65e7bd3f74165f9, fk65e7bd3574f20e7, fk65e7bd3d197c60d, fk65e7bd3e5ead5ed, fk65e7bd36075fdab]
14:41:48.497 [main] INFO  o.h.tool.hbm2ddl.TableMetadata - HHH000126: Indexes: [fk65e7bd3f74165f9, primary, fk65e7bd3574f20e7, fk65e7bd3d197c60d, fk65e7bd3e5ead5ed, fk65e7bd36075fdab]
14:41:48.504 [main] INFO  o.h.tool.hbm2ddl.TableMetadata - HHH000261: Table found: mtg.posts_comments
14:41:48.504 [main] INFO  o.h.tool.hbm2ddl.TableMetadata - HHH000037: Columns: [posts_id, replies_id]
14:41:48.504 [main] INFO  o.h.tool.hbm2ddl.TableMetadata - HHH000108: Foreign keys: [fkc6c130e04d5fb016, fkc6c130e0fe653142]
14:41:48.504 [main] INFO  o.h.tool.hbm2ddl.TableMetadata - HHH000126: Indexes: [fkc6c130e04d5fb016, fkc6c130e0fe653142, replies_id]
14:41:48.509 [main] INFO  o.h.tool.hbm2ddl.TableMetadata - HHH000261: Table found: mtg.posts_votes
14:41:48.510 [main] INFO  o.h.tool.hbm2ddl.TableMetadata - HHH000037: Columns: [votes_id, posts_id]
14:41:48.510 [main] INFO  o.h.tool.hbm2ddl.TableMetadata - HHH000108: Foreign keys: [fk28e87f5dbd8aefaa, fk28e87f5d4d5fb016]
14:41:48.510 [main] INFO  o.h.tool.hbm2ddl.TableMetadata - HHH000126: Indexes: [fk28e87f5dbd8aefaa, votes_id, fk28e87f5d4d5fb016]
14:41:48.517 [main] INFO  o.h.tool.hbm2ddl.TableMetadata - HHH000261: Table found: mtg.votes
14:41:48.517 [main] INFO  o.h.tool.hbm2ddl.TableMetadata - HHH000037: Columns: [id, score, voter_id, post_id]
14:41:48.517 [main] INFO  o.h.tool.hbm2ddl.TableMetadata - HHH000108: Foreign keys: [fk6b30ac93ca2979c, fk6b30ac98e14429]
14:41:48.517 [main] INFO  o.h.tool.hbm2ddl.TableMetadata - HHH000126: Indexes: [primary, fk6b30ac93ca2979c, fk6b30ac98e14429]
14:41:48.524 [main] INFO  o.h.tool.hbm2ddl.TableMetadata - HHH000261: Table found: mtg.wanted
14:41:48.524 [main] INFO  o.h.tool.hbm2ddl.TableMetadata - HHH000037: Columns: [id, count, wanter_id, lastmodified, card_id, note]
14:41:48.524 [main] INFO  o.h.tool.hbm2ddl.TableMetadata - HHH000108: Foreign keys: [fkd09b5aafe763531d, fkd09b5aaf6e134787]
14:41:48.525 [main] INFO  o.h.tool.hbm2ddl.TableMetadata - HHH000126: Indexes: [fkd09b5aaf6e134787, fkd09b5aafe763531d, primary]
14:41:48.527 [main] INFO  o.h.tool.hbm2ddl.SchemaUpdate - HHH000232: Schema update complete
14:41:49.575 [main] INFO  o.s.u.f.SpringTemplateLoader - SpringTemplateLoader for FreeMarker: using resource loader [org.springframework.core.io.DefaultResourceLoader@110710] and template loader path [classpath:/mail/]
14:41:50.979 [main] INFO  o.s.b.f.s.DefaultListableBeanFactory - Pre-instantiating singletons in org.springframework.beans.factory.support.DefaultListableBeanFactory@f1770a: defining beans [org.springframework.context.annotation.internalConfigurationAnnotationProcessor,org.springframework.context.annotation.internalAutowiredAnnotationProcessor,org.springframework.context.annotation.internalRequiredAnnotationProcessor,org.springframework.context.annotation.internalCommonAnnotationProcessor,org.springframework.context.annotation.internalPersistenceAnnotationProcessor,dbMessageSource,accountFormValidator,noImage,cardControllerImpl,profileCommentableControllerImpl,accountControllerImpl,accountBinderControllerImpl,accountWantlistControllerImpl,locationControllerImpl,authenticationControllerImpl,countryControllerImpl,browseControllerImpl,imageControllerImpl,meetupControllerImpl,cityControllerImpl,binderControllerImpl,accountLocationControllerImpl,profileControllerImpl,postControllerImpl,supportControllerImpl,adminFrontpageControllerImpl,liveControllerImpl,commentControllerImpl,accountDeckControllerImpl,deckControllerImpl,adminControllerImpl,searchControllerImpl,accountPostControllerImpl,webConfig,freeMarkerConfig,fileUploadConfig,locationInterceptor,usernameInjectingInterceptor,navbarInterceptor,onePageInterceptor,postOrCommentInterceptor,commonsPersistenceConfig,commonsServicesConfig,genericLocationService,mtgUserDetailsService,mtgAuthenticationSuccessListener,locationSecurityServiceImpl,registrationServiceImpl,securityConfig,persistenceConfig,mailSenderServiceImpl,mailConfiguration,parserConfig,SCGListParser,iconsArchiveCountryParser,auditLoggerImpl,auditConfiguration,adminServicesConfig,adminServiceImpl,locationModificationAspect,postModificationAspect,postsServicesConfig,playerPostServiceImpl,locationServiceImpl,interactiveLocationServiceImpl,org.springframework.context.annotation.ConfigurationClassPostProcessor.importAwareProcessor,org.springframework.aop.config.internalAutoProxyCreator,org.springframework.data.repository.core.support.RepositoryInterfaceAwareBeanPostProcessor#0,org.springframework.dao.annotation.PersistenceExceptionTranslationPostProcessor#0,org.springframework.orm.jpa.support.PersistenceAnnotationBeanPostProcessor#0,playerServiceCustomImpl,playerService,messageService,meetupService,countryServiceCustomImpl,countryService,binderServiceCustomImpl,binderService,pageService,deckServiceCustomImpl,deckService,imageServiceCustomImpl,imageService,cardServiceCustomImpl,cardService,wantedServiceCustomImpl,wantedService,cityService,bundleServiceCustomImpl,bundleService,expansionServiceCustomImpl,expansionService,org.springframework.data.repository.core.support.RepositoryInterfaceAwareBeanPostProcessor#1,accountServiceCustomImpl,accountService,org.springframework.data.repository.core.support.RepositoryInterfaceAwareBeanPostProcessor#2,org.springframework.data.repository.core.support.RepositoryInterfaceAwareBeanPostProcessor#3,org.springframework.data.repository.core.support.RepositoryInterfaceAwareBeanPostProcessor#4,org.springframework.data.repository.core.support.RepositoryInterfaceAwareBeanPostProcessor#5,commentServiceCustomImpl,commentService,postServiceCustomImpl,postService,frontpageService,org.springframework.data.repository.core.support.RepositoryInterfaceAwareBeanPostProcessor#6,org.springframework.web.servlet.config.annotation.DelegatingWebMvcConfiguration,requestMappingHandlerMapping,mvcContentNegotiationManager,viewControllerHandlerMapping,beanNameHandlerMapping,resourceHandlerMapping,defaultServletHandlerMapping,requestMappingHandlerAdapter,mvcConversionService,mvcValidator,httpRequestHandlerAdapter,simpleControllerHandlerAdapter,handlerExceptionResolver,messageSource,defaultValidator,freemarkerConfig,viewResolver,multipartResolver,dataSource,hibernateProperties,entityManagerFactory,transactionManager,hibernateExceptionTranslator,org.springframework.transaction.annotation.ProxyTransactionManagementConfiguration,org.springframework.transaction.config.internalTransactionAdvisor,transactionAttributeSource,transactionInterceptor,org.springframework.security.config.annotation.web.configuration.WebSecurityConfiguration,springSecurityFilterChain,webSecurityExpressionHandler,privilegeEvaluator,org.springframework.security.config.annotation.configuration.ObjectPostProcessorConfiguration,objectPostProcessor,passwordEncoder,textEncryptor,taskExecutor,mailSender,config]; root of factory hierarchy
14:41:50.990 [main] INFO  o.h.v.e.r.DefaultTraversableResolver - Instantiated an instance of org.hibernate.validator.engine.resolver.JPATraversableResolver.
14:41:52.602 [main] INFO  o.s.w.s.m.m.a.RequestMappingHandlerMapping - Mapped "{[/cards/browse || /c/browse],methods=[],params=[],headers=[],consumes=[],produces=[],custom=[]}" onto public org.springframework.web.servlet.ModelAndView com.mtg.web.controller.impl.CardControllerImpl.browse(java.security.Principal)
14:41:52.603 [main] INFO  o.s.w.s.m.m.a.RequestMappingHandlerMapping - Mapped "{[/cards/{id} || /c/{id}],methods=[],params=[],headers=[],consumes=[],produces=[],custom=[]}" onto public org.springframework.web.servlet.ModelAndView com.mtg.web.controller.impl.CardControllerImpl.card(java.security.Principal,java.lang.Long) throws java.net.MalformedURLException,java.io.IOException
14:41:52.603 [main] INFO  o.s.w.s.m.m.a.RequestMappingHandlerMapping - Mapped "{[/cards/multi/{idstring} || /c/multi/{idstring}],methods=[],params=[],headers=[],consumes=[],produces=[],custom=[]}" onto public org.springframework.web.servlet.ModelAndView com.mtg.web.controller.impl.CardControllerImpl.multipleCards(java.security.Principal,java.lang.String)
14:41:52.604 [main] INFO  o.s.w.s.m.m.a.RequestMappingHandlerMapping - Mapped "{[/cards/datatables || /c/datatables],methods=[],params=[],headers=[],consumes=[],produces=[],custom=[]}" onto public com.mtg.web.dto.JSON com.mtg.web.controller.impl.CardControllerImpl.dataTable(java.security.Principal,org.springframework.web.context.request.WebRequest)
14:41:52.604 [main] INFO  o.s.w.s.m.m.a.RequestMappingHandlerMapping - Mapped "{[/cards/datatables/{expcode} || /c/datatables/{expcode}],methods=[],params=[],headers=[],consumes=[],produces=[],custom=[]}" onto public com.mtg.web.dto.JSON com.mtg.web.controller.impl.CardControllerImpl.dataTable(java.security.Principal,java.lang.String,org.springframework.web.context.request.WebRequest)
14:41:52.604 [main] INFO  o.s.w.s.m.m.a.RequestMappingHandlerMapping - Mapped "{[/cards/find/{id} || /c/find/{id}],methods=[],params=[],headers=[],consumes=[],produces=[],custom=[]}" onto public org.springframework.web.servlet.ModelAndView com.mtg.web.controller.impl.CardControllerImpl.findCardInBinders(java.security.Principal,java.lang.Long)
14:41:52.606 [main] INFO  o.s.w.s.m.m.a.RequestMappingHandlerMapping - Mapped "{[/u/{username}/comments/{page}/{size}],methods=[],params=[],headers=[],consumes=[],produces=[],custom=[]}" onto public org.springframework.web.servlet.ModelAndView com.mtg.web.controller.impl.ProfileCommentableControllerImpl.comments(java.security.Principal,java.lang.String,int,int)
14:41:52.607 [main] INFO  o.s.w.s.m.m.a.RequestMappingHandlerMapping - Mapped "{[/u/{username}/posts/{page}/{size}],methods=[],params=[],headers=[],consumes=[],produces=[],custom=[]}" onto public org.springframework.web.servlet.ModelAndView com.mtg.web.controller.impl.ProfileCommentableControllerImpl.posts(java.security.Principal,java.lang.String,int,int)
14:41:52.607 [main] INFO  o.s.w.s.m.m.a.RequestMappingHandlerMapping - Mapped "{[/u/{username}/saved/{page}/{size}],methods=[],params=[],headers=[],consumes=[],produces=[],custom=[]}" onto public org.springframework.web.servlet.ModelAndView com.mtg.web.controller.impl.ProfileCommentableControllerImpl.saved(java.security.Principal,java.lang.String,int,int)
14:41:52.610 [main] INFO  o.s.w.s.m.m.a.RequestMappingHandlerMapping - Mapped "{[/account/verify/resend],methods=[POST],params=[],headers=[],consumes=[],produces=[],custom=[]}" onto public com.mtg.web.dto.JSON com.mtg.web.controller.impl.AccountControllerImpl.resendVerification(java.security.Principal)
14:41:52.611 [main] INFO  o.s.w.s.m.m.a.RequestMappingHandlerMapping - Mapped "{[/account/activate/{activationCode}],methods=[],params=[],headers=[],consumes=[],produces=[],custom=[]}" onto public org.springframework.web.servlet.ModelAndView com.mtg.web.controller.impl.AccountControllerImpl.activate(java.security.Principal,java.lang.String)
14:41:52.611 [main] INFO  o.s.w.s.m.m.a.RequestMappingHandlerMapping - Mapped "{[/account/dashboard],methods=[],params=[],headers=[],consumes=[],produces=[],custom=[]}" onto public org.springframework.web.servlet.ModelAndView com.mtg.web.controller.impl.AccountControllerImpl.dashboard(java.security.Principal)
14:41:52.612 [main] INFO  o.s.w.s.m.m.a.RequestMappingHandlerMapping - Mapped "{[/account/upload/profilepic],methods=[],params=[],headers=[],consumes=[],produces=[],custom=[]}" onto public com.mtg.web.dto.JSON com.mtg.web.controller.impl.AccountControllerImpl.uploadProfilePic(java.security.Principal,com.mtg.web.dto.ImageForm) throws java.io.IOException
14:41:52.612 [main] INFO  o.s.w.s.m.m.a.RequestMappingHandlerMapping - Mapped "{[/account/editcontact],methods=[],params=[],headers=[],consumes=[],produces=[],custom=[]}" onto public com.mtg.web.dto.JSON com.mtg.web.controller.impl.AccountControllerImpl.editContact(java.security.Principal,java.lang.String)
14:41:52.612 [main] INFO  o.s.w.s.m.m.a.RequestMappingHandlerMapping - Mapped "{[/account/changepassword],methods=[POST],params=[],headers=[],consumes=[],produces=[],custom=[]}" onto public com.mtg.web.dto.JSON com.mtg.web.controller.impl.AccountControllerImpl.changePassword(java.security.Principal,com.mtg.web.dto.ChangePasswordForm,org.springframework.validation.BindingResult)
14:41:52.617 [main] INFO  o.s.w.s.m.m.a.RequestMappingHandlerMapping - Mapped "{[/account/newbinder],methods=[GET],params=[],headers=[],consumes=[],produces=[],custom=[]}" onto public org.springframework.web.servlet.ModelAndView com.mtg.web.controller.impl.AccountBinderControllerImpl.newbinder(java.security.Principal)
14:41:52.618 [main] INFO  o.s.w.s.m.m.a.RequestMappingHandlerMapping - Mapped "{[/account/newbinder],methods=[POST],params=[],headers=[],consumes=[],produces=[],custom=[]}" onto public com.mtg.web.dto.JSON com.mtg.web.controller.impl.AccountBinderControllerImpl.newbinder(java.security.Principal,com.mtg.web.dto.BinderForm,org.springframework.validation.BindingResult)
14:41:52.618 [main] INFO  o.s.w.s.m.m.a.RequestMappingHandlerMapping - Mapped "{[/account/editbinder/{urlFragment}],methods=[GET],params=[],headers=[],consumes=[],produces=[],custom=[]}" onto public org.springframework.web.servlet.ModelAndView com.mtg.web.controller.impl.AccountBinderControllerImpl.editbinder(java.security.Principal,java.lang.String)
14:41:52.619 [main] INFO  o.s.w.s.m.m.a.RequestMappingHandlerMapping - Mapped "{[/account/editbinder/page/{urlFragment}/{page}],methods=[],params=[],headers=[],consumes=[],produces=[],custom=[]}" onto public org.springframework.web.servlet.ModelAndView com.mtg.web.controller.impl.AccountBinderControllerImpl.editbinderPage(java.security.Principal,java.lang.String,java.lang.Integer)
14:41:52.619 [main] INFO  o.s.w.s.m.m.a.RequestMappingHandlerMapping - Mapped "{[/account/editbinder/add/{urlFragment}/{page}/{cardId}],methods=[POST],params=[],headers=[],consumes=[],produces=[],custom=[]}" onto public com.mtg.web.dto.JSON com.mtg.web.controller.impl.AccountBinderControllerImpl.addCard(java.security.Principal,java.lang.String,java.lang.Integer,java.lang.Long)
14:41:52.620 [main] INFO  o.s.w.s.m.m.a.RequestMappingHandlerMapping - Mapped "{[/account/deletebinder/{urlFragment}],methods=[],params=[],headers=[],consumes=[],produces=[],custom=[]}" onto public com.mtg.web.dto.JSON com.mtg.web.controller.impl.AccountBinderControllerImpl.deleteBinder(java.security.Principal,java.lang.String)
14:41:52.620 [main] INFO  o.s.w.s.m.m.a.RequestMappingHandlerMapping - Mapped "{[/account/editbinder/bundle/{operation}/{id}],methods=[],params=[],headers=[],consumes=[],produces=[],custom=[]}" onto public com.mtg.web.dto.JSON com.mtg.web.controller.impl.AccountBinderControllerImpl.bundleOperation(com.mtg.web.support.BundleOperation,java.lang.Long)
14:41:52.620 [main] INFO  o.s.w.s.m.m.a.RequestMappingHandlerMapping - Mapped "{[/account/editbinder/bundle/editnote/{id}],methods=[],params=[],headers=[],consumes=[],produces=[],custom=[]}" onto public com.mtg.web.dto.JSON com.mtg.web.controller.impl.AccountBinderControllerImpl.editBundleNote(java.lang.Long,java.lang.String)
14:41:52.623 [main] INFO  o.s.w.s.m.m.a.RequestMappingHandlerMapping - Mapped "{[/account/wantlist/add/{id}],methods=[],params=[],headers=[],consumes=[],produces=[],custom=[]}" onto public com.mtg.web.dto.JSON com.mtg.web.controller.impl.AccountWantlistControllerImpl.add(java.security.Principal,java.lang.Long)
14:41:52.624 [main] INFO  o.s.w.s.m.m.a.RequestMappingHandlerMapping - Mapped "{[/account/wantlist],methods=[GET],params=[],headers=[],consumes=[],produces=[],custom=[]}" onto public org.springframework.web.servlet.ModelAndView com.mtg.web.controller.impl.AccountWantlistControllerImpl.load(java.security.Principal)
14:41:52.624 [main] INFO  o.s.w.s.m.m.a.RequestMappingHandlerMapping - Mapped "{[/account/wantlist/{op}/{id}],methods=[],params=[],headers=[],consumes=[],produces=[],custom=[]}" onto public com.mtg.web.dto.JSON com.mtg.web.controller.impl.AccountWantlistControllerImpl.op(java.security.Principal,com.mtg.web.support.BundleOperation,java.lang.Long)
14:41:52.625 [main] INFO  o.s.w.s.m.m.a.RequestMappingHandlerMapping - Mapped "{[/account/wantlist/editnote/{id}],methods=[],params=[],headers=[],consumes=[],produces=[],custom=[]}" onto public com.mtg.web.dto.JSON com.mtg.web.controller.impl.AccountWantlistControllerImpl.editnote(java.security.Principal,java.lang.Long,java.lang.String)
14:41:52.627 [main] INFO  o.s.w.s.m.m.a.RequestMappingHandlerMapping - Mapped "{[/community/browse],methods=[GET],params=[],headers=[],consumes=[],produces=[],custom=[]}" onto public org.springframework.web.servlet.ModelAndView com.mtg.web.controller.impl.LocationControllerImpl.communities(java.security.Principal)
14:41:52.627 [main] INFO  o.s.w.s.m.m.a.RequestMappingHandlerMapping - Mapped "{[/community/makemod/{type}/{id}/{playerId}],methods=[],params=[],headers=[],consumes=[],produces=[],custom=[]}" onto public com.mtg.web.dto.JSON com.mtg.web.controller.impl.LocationControllerImpl.makemod(java.security.Principal,com.mtg.commons.models.locations.Location$Type,java.lang.Long,java.lang.Long)
14:41:52.630 [main] INFO  o.s.w.s.m.m.a.RequestMappingHandlerMapping - Mapped "{[/auth/register],methods=[GET],params=[],headers=[],consumes=[],produces=[],custom=[]}" onto public org.springframework.web.servlet.ModelAndView com.mtg.web.controller.impl.AuthenticationControllerImpl.register()
14:41:52.630 [main] INFO  o.s.w.s.m.m.a.RequestMappingHandlerMapping - Mapped "{[/auth/register],methods=[POST],params=[],headers=[],consumes=[],produces=[],custom=[]}" onto public com.mtg.web.dto.JSON com.mtg.web.controller.impl.AuthenticationControllerImpl.register(com.mtg.web.dto.AccountForm,org.springframework.validation.BindingResult)
14:41:52.631 [main] INFO  o.s.w.s.m.m.a.RequestMappingHandlerMapping - Mapped "{[/auth/login],methods=[],params=[],headers=[],consumes=[],produces=[],custom=[]}" onto public org.springframework.web.servlet.ModelAndView com.mtg.web.controller.impl.AuthenticationControllerImpl.login()
14:41:52.631 [main] INFO  o.s.w.s.m.m.a.RequestMappingHandlerMapping - Mapped "{[/auth/login/{message}],methods=[],params=[],headers=[],consumes=[],produces=[],custom=[]}" onto public org.springframework.web.servlet.ModelAndView com.mtg.web.controller.impl.AuthenticationControllerImpl.login(java.lang.String)
14:41:52.634 [main] INFO  o.s.w.s.m.m.a.RequestMappingHandlerMapping - Mapped "{[/countries/{urlFragment} || /cy/{urlFragment}],methods=[],params=[],headers=[],consumes=[],produces=[],custom=[]}" onto public org.springframework.web.servlet.ModelAndView com.mtg.web.controller.impl.CountryControllerImpl.country(java.security.Principal,java.lang.String)
14:41:52.635 [main] INFO  o.s.w.s.m.m.a.RequestMappingHandlerMapping - Mapped "{[/countries/{urlFragment}/manage || /cy/{urlFragment}/manage],methods=[GET],params=[],headers=[],consumes=[],produces=[],custom=[]}" onto public org.springframework.web.servlet.ModelAndView com.mtg.web.controller.impl.CountryControllerImpl.manage(java.security.Principal,java.lang.String)
14:41:52.635 [main] INFO  o.s.w.s.m.m.a.RequestMappingHandlerMapping - Mapped "{[/countries || /cy],methods=[GET],params=[],headers=[],consumes=[],produces=[],custom=[]}" onto public org.springframework.web.servlet.ModelAndView com.mtg.web.controller.impl.CountryControllerImpl.browse(java.security.Principal)
14:41:52.635 [main] INFO  o.s.w.s.m.m.a.RequestMappingHandlerMapping - Mapped "{[/countries/{urlFragment}/players || /cy/{urlFragment}/players],methods=[GET],params=[],headers=[],consumes=[],produces=[],custom=[]}" onto public org.springframework.web.servlet.ModelAndView com.mtg.web.controller.impl.CountryControllerImpl.players(java.security.Principal,java.lang.String)
14:41:52.636 [main] INFO  o.s.w.s.m.m.a.RequestMappingHandlerMapping - Mapped "{[/countries/{urlFragment}/newpost || /cy/{urlFragment}/newpost],methods=[GET],params=[],headers=[],consumes=[],produces=[],custom=[]}" onto public org.springframework.web.servlet.ModelAndView com.mtg.web.controller.impl.CountryControllerImpl.newpost(java.security.Principal,java.lang.String)
14:41:52.637 [main] INFO  o.s.w.s.m.m.a.RequestMappingHandlerMapping - Mapped "{[/],methods=[GET],params=[],headers=[],consumes=[],produces=[],custom=[]}" onto public org.springframework.web.servlet.ModelAndView com.mtg.web.controller.impl.BrowseControllerImpl.browse(java.security.Principal,java.lang.String)
14:41:52.639 [main] INFO  o.s.w.s.m.m.a.RequestMappingHandlerMapping - Mapped "{[/image/refresh/{id}],methods=[POST],params=[],headers=[],consumes=[],produces=[],custom=[]}" onto public com.mtg.web.dto.JSON com.mtg.web.controller.impl.ImageControllerImpl.refresh(java.lang.Long)
14:41:52.640 [main] INFO  o.s.w.s.m.m.a.RequestMappingHandlerMapping - Mapped "{[/image/{id}],methods=[GET],params=[],headers=[],consumes=[],produces=[],custom=[]}" onto public org.springframework.http.ResponseEntity<byte[]> com.mtg.web.controller.impl.ImageControllerImpl.image(java.lang.Long) throws java.io.IOException
14:41:52.643 [main] INFO  o.s.w.s.m.m.a.RequestMappingHandlerMapping - Mapped "{[/meetups/{urlFragment}/manage || /m/{urlFragment}/manage],methods=[GET],params=[],headers=[],consumes=[],produces=[],custom=[]}" onto public org.springframework.web.servlet.ModelAndView com.mtg.web.controller.impl.MeetupControllerImpl.manage(java.security.Principal,java.lang.String)
14:41:52.644 [main] INFO  o.s.w.s.m.m.a.RequestMappingHandlerMapping - Mapped "{[/meetups/{url} || /m/{url}],methods=[GET],params=[],headers=[],consumes=[],produces=[],custom=[]}" onto public org.springframework.web.servlet.ModelAndView com.mtg.web.controller.impl.MeetupControllerImpl.browse(java.lang.String)
14:41:52.644 [main] INFO  o.s.w.s.m.m.a.RequestMappingHandlerMapping - Mapped "{[/meetups/{urlFragment}/players || /m/{urlFragment}/players],methods=[GET],params=[],headers=[],consumes=[],produces=[],custom=[]}" onto public org.springframework.web.servlet.ModelAndView com.mtg.web.controller.impl.MeetupControllerImpl.players(java.security.Principal,java.lang.String)
14:41:52.645 [main] INFO  o.s.w.s.m.m.a.RequestMappingHandlerMapping - Mapped "{[/meetups/{urlFragment}/newpost || /m/{urlFragment}/newpost],methods=[GET],params=[],headers=[],consumes=[],produces=[],custom=[]}" onto public org.springframework.web.servlet.ModelAndView com.mtg.web.controller.impl.MeetupControllerImpl.newpost(java.security.Principal,java.lang.String)
14:41:52.648 [main] INFO  o.s.w.s.m.m.a.RequestMappingHandlerMapping - Mapped "{[/cities/{urlFragment}/manage || /ct/{urlFragment}/manage],methods=[GET],params=[],headers=[],consumes=[],produces=[],custom=[]}" onto public org.springframework.web.servlet.ModelAndView com.mtg.web.controller.impl.CityControllerImpl.manage(java.security.Principal,java.lang.String)
14:41:52.648 [main] INFO  o.s.w.s.m.m.a.RequestMappingHandlerMapping - Mapped "{[/cities || /ct],methods=[GET],params=[],headers=[],consumes=[],produces=[],custom=[]}" onto public org.springframework.web.servlet.ModelAndView com.mtg.web.controller.impl.CityControllerImpl.browse(java.security.Principal)
14:41:52.649 [main] INFO  o.s.w.s.m.m.a.RequestMappingHandlerMapping - Mapped "{[/cities/{urlFragment}/players || /ct/{urlFragment}/players],methods=[GET],params=[],headers=[],consumes=[],produces=[],custom=[]}" onto public org.springframework.web.servlet.ModelAndView com.mtg.web.controller.impl.CityControllerImpl.players(java.security.Principal,java.lang.String)
14:41:52.649 [main] INFO  o.s.w.s.m.m.a.RequestMappingHandlerMapping - Mapped "{[/cities/{urlFragment} || /ct/{urlFragment}],methods=[GET],params=[],headers=[],consumes=[],produces=[],custom=[]}" onto public org.springframework.web.servlet.ModelAndView com.mtg.web.controller.impl.CityControllerImpl.city(java.security.Principal,java.lang.String)
14:41:52.649 [main] INFO  o.s.w.s.m.m.a.RequestMappingHandlerMapping - Mapped "{[/cities/{urlFragment}/newpost || /ct/{urlFragment}/newpost],methods=[GET],params=[],headers=[],consumes=[],produces=[],custom=[]}" onto public org.springframework.web.servlet.ModelAndView com.mtg.web.controller.impl.CityControllerImpl.newpost(java.security.Principal,java.lang.String)
14:41:52.651 [main] INFO  o.s.w.s.m.m.a.RequestMappingHandlerMapping - Mapped "{[/binders/browse || /b/browse],methods=[],params=[],headers=[],consumes=[],produces=[],custom=[]}" onto public org.springframework.web.servlet.ModelAndView com.mtg.web.controller.impl.BinderControllerImpl.browse(java.security.Principal)
14:41:52.652 [main] INFO  o.s.w.s.m.m.a.RequestMappingHandlerMapping - Mapped "{[/binders/browse/{filterType}/{id} || /b/browse/{filterType}/{id}],methods=[],params=[],headers=[],consumes=[],produces=[],custom=[]}" onto public org.springframework.web.servlet.ModelAndView com.mtg.web.controller.impl.BinderControllerImpl.browse(java.security.Principal,com.mtg.commons.models.locations.Location$Type,java.lang.Long)
14:41:52.656 [main] INFO  o.s.w.s.m.m.a.RequestMappingHandlerMapping - Mapped "{[/account/addcity],methods=[GET],params=[],headers=[],consumes=[],produces=[],custom=[]}" onto public org.springframework.web.servlet.ModelAndView com.mtg.web.controller.impl.AccountLocationControllerImpl.addCity(java.security.Principal)
14:41:52.657 [main] INFO  o.s.w.s.m.m.a.RequestMappingHandlerMapping - Mapped "{[/account/addcity],methods=[POST],params=[],headers=[],consumes=[],produces=[],custom=[]}" onto public com.mtg.web.dto.JSON com.mtg.web.controller.impl.AccountLocationControllerImpl.addCity(java.security.Principal,com.mtg.web.dto.AddCityForm,org.springframework.validation.BindingResult)
14:41:52.657 [main] INFO  o.s.w.s.m.m.a.RequestMappingHandlerMapping - Mapped "{[/account/removecity/{cityId}],methods=[POST],params=[],headers=[],consumes=[],produces=[],custom=[]}" onto public com.mtg.web.dto.JSON com.mtg.web.controller.impl.AccountLocationControllerImpl.removeCity(java.security.Principal,java.lang.Long)
14:41:52.657 [main] INFO  o.s.w.s.m.m.a.RequestMappingHandlerMapping - Mapped "{[/account/addmeetup],methods=[GET],params=[],headers=[],consumes=[],produces=[],custom=[]}" onto public org.springframework.web.servlet.ModelAndView com.mtg.web.controller.impl.AccountLocationControllerImpl.addMeetup(java.security.Principal)
14:41:52.658 [main] INFO  o.s.w.s.m.m.a.RequestMappingHandlerMapping - Mapped "{[/account/addmeetup],methods=[POST],params=[],headers=[],consumes=[],produces=[],custom=[]}" onto public com.mtg.web.dto.JSON com.mtg.web.controller.impl.AccountLocationControllerImpl.addMeetup(java.security.Principal,com.mtg.web.dto.AddMeetupForm,org.springframework.validation.BindingResult)
14:41:52.658 [main] INFO  o.s.w.s.m.m.a.RequestMappingHandlerMapping - Mapped "{[/account/removemeetup/{meetupId}],methods=[POST],params=[],headers=[],consumes=[],produces=[],custom=[]}" onto public com.mtg.web.dto.JSON com.mtg.web.controller.impl.AccountLocationControllerImpl.removeMeetup(java.security.Principal,java.lang.Long)
14:41:52.659 [main] INFO  o.s.w.s.m.m.a.RequestMappingHandlerMapping - Mapped "{[/account/selectflag/{countryId}],methods=[POST],params=[],headers=[],consumes=[],produces=[],custom=[]}" onto public com.mtg.web.dto.JSON com.mtg.web.controller.impl.AccountLocationControllerImpl.selectFlag(java.security.Principal,java.lang.Long)
14:41:52.661 [main] INFO  o.s.w.s.m.m.a.RequestMappingHandlerMapping - Mapped "{[/u/{username}],methods=[GET],params=[],headers=[],consumes=[],produces=[],custom=[]}" onto public org.springframework.web.servlet.ModelAndView com.mtg.web.controller.impl.ProfileControllerImpl.profile(java.security.Principal,java.lang.String)
14:41:52.661 [main] INFO  o.s.w.s.m.m.a.RequestMappingHandlerMapping - Mapped "{[/u/{username}/{bindername}],methods=[],params=[],headers=[],consumes=[],produces=[],custom=[]}" onto public org.springframework.web.servlet.ModelAndView com.mtg.web.controller.impl.ProfileControllerImpl.binder(java.security.Principal,java.lang.String,java.lang.String)
14:41:52.661 [main] INFO  o.s.w.s.m.m.a.RequestMappingHandlerMapping - Mapped "{[/u],methods=[GET],params=[],headers=[],consumes=[],produces=[],custom=[]}" onto public org.springframework.web.servlet.ModelAndView com.mtg.web.controller.impl.ProfileControllerImpl.ownprofile(java.security.Principal)
14:41:52.664 [main] INFO  o.s.w.s.m.m.a.RequestMappingHandlerMapping - Mapped "{[/post/delete/{id}],methods=[POST],params=[],headers=[],consumes=[],produces=[],custom=[]}" onto public com.mtg.web.dto.JSON com.mtg.web.controller.impl.PostControllerImpl.delete(java.security.Principal,java.lang.Long) throws org.springframework.security.access.AccessDeniedException
14:41:52.665 [main] INFO  o.s.w.s.m.m.a.RequestMappingHandlerMapping - Mapped "{[/post/{parentType}],methods=[POST],params=[],headers=[],consumes=[],produces=[],custom=[]}" onto public com.mtg.web.dto.JSON com.mtg.web.controller.impl.PostControllerImpl.post(java.security.Principal,com.mtg.commons.models.interactive.PostParent$PostParentType,com.mtg.web.dto.PostForm,org.springframework.validation.BindingResult)
14:41:52.665 [main] INFO  o.s.w.s.m.m.a.RequestMappingHandlerMapping - Mapped "{[/post/{parentType}/{parentId}/{parentUrl}],methods=[GET],params=[],headers=[],consumes=[],produces=[],custom=[]}" onto public org.springframework.web.servlet.ModelAndView com.mtg.web.controller.impl.PostControllerImpl.posts(java.security.Principal,com.mtg.commons.models.interactive.PostParent$PostParentType,java.lang.Long,java.lang.String,com.mtg.web.dto.PageRequestDto)
14:41:52.665 [main] INFO  o.s.w.s.m.m.a.RequestMappingHandlerMapping - Mapped "{[/post/{id}/{urlFragment}],methods=[],params=[],headers=[],consumes=[],produces=[],custom=[]}" onto public org.springframework.web.servlet.ModelAndView com.mtg.web.controller.impl.PostControllerImpl.viewpost(java.security.Principal,java.lang.Long,java.lang.String)
14:41:52.669 [main] INFO  o.s.w.s.m.m.a.RequestMappingHandlerMapping - Mapped "{[/support/updates],methods=[],params=[],headers=[],consumes=[],produces=[],custom=[]}" onto public org.springframework.web.servlet.ModelAndView com.mtg.web.controller.impl.SupportControllerImpl.updates()
14:41:52.669 [main] INFO  o.s.w.s.m.m.a.RequestMappingHandlerMapping - Mapped "{[/support/welcome],methods=[],params=[],headers=[],consumes=[],produces=[],custom=[]}" onto public org.springframework.web.servlet.ModelAndView com.mtg.web.controller.impl.SupportControllerImpl.welcome()
14:41:52.669 [main] INFO  o.s.w.s.m.m.a.RequestMappingHandlerMapping - Mapped "{[/support/frontpage],methods=[],params=[],headers=[],consumes=[],produces=[],custom=[]}" onto public org.springframework.web.servlet.ModelAndView com.mtg.web.controller.impl.SupportControllerImpl.frontpage()
14:41:52.670 [main] INFO  o.s.w.s.m.m.a.RequestMappingHandlerMapping - Mapped "{[/support/faq],methods=[],params=[],headers=[],consumes=[],produces=[],custom=[]}" onto public org.springframework.web.servlet.ModelAndView com.mtg.web.controller.impl.SupportControllerImpl.faq()
14:41:52.670 [main] INFO  o.s.w.s.m.m.a.RequestMappingHandlerMapping - Mapped "{[/support/upcoming],methods=[],params=[],headers=[],consumes=[],produces=[],custom=[]}" onto public org.springframework.web.servlet.ModelAndView com.mtg.web.controller.impl.SupportControllerImpl.upcoming()
14:41:52.670 [main] INFO  o.s.w.s.m.m.a.RequestMappingHandlerMapping - Mapped "{[/support/etiquette],methods=[],params=[],headers=[],consumes=[],produces=[],custom=[]}" onto public org.springframework.web.servlet.ModelAndView com.mtg.web.controller.impl.SupportControllerImpl.etiquette(java.security.Principal)
14:41:52.671 [main] INFO  o.s.w.s.m.m.a.RequestMappingHandlerMapping - Mapped "{[/support/formatting],methods=[],params=[],headers=[],consumes=[],produces=[],custom=[]}" onto public org.springframework.web.servlet.ModelAndView com.mtg.web.controller.impl.SupportControllerImpl.formatting(java.security.Principal)
14:41:52.672 [main] INFO  o.s.w.s.m.m.a.RequestMappingHandlerMapping - Mapped "{[/admin/frontpage/newpost],methods=[GET],params=[],headers=[],consumes=[],produces=[],custom=[]}" onto public org.springframework.web.servlet.ModelAndView com.mtg.web.controller.impl.AdminFrontpageControllerImpl.newpost(java.security.Principal)
14:41:52.673 [main] INFO  o.s.w.s.m.m.a.RequestMappingHandlerMapping - Mapped "{[/live],methods=[POST],params=[],headers=[],consumes=[],produces=[],custom=[]}" onto public org.springframework.web.context.request.async.DeferredResult<com.mtg.web.dto.JSON> com.mtg.web.controller.impl.LiveControllerImpl.live(java.security.Principal)
14:41:52.677 [main] INFO  o.s.w.s.m.m.a.RequestMappingHandlerMapping - Mapped "{[/comment/context/{id}],methods=[GET],params=[],headers=[],consumes=[],produces=[],custom=[]}" onto public org.springframework.web.servlet.ModelAndView com.mtg.web.controller.impl.CommentControllerImpl.context(java.security.Principal,java.lang.Long)
14:41:52.677 [main] INFO  o.s.w.s.m.m.a.RequestMappingHandlerMapping - Mapped "{[/comment/delete/{id}],methods=[POST],params=[],headers=[],consumes=[],produces=[],custom=[]}" onto public com.mtg.web.dto.JSON com.mtg.web.controller.impl.CommentControllerImpl.delete(java.security.Principal,java.lang.Long) throws org.springframework.security.access.AccessDeniedException
14:41:52.678 [main] INFO  o.s.w.s.m.m.a.RequestMappingHandlerMapping - Mapped "{[/comment/post/post/{id}],methods=[POST],params=[],headers=[],consumes=[],produces=[],custom=[]}" onto public com.mtg.web.dto.JSON com.mtg.web.controller.impl.CommentControllerImpl.onPost(java.security.Principal,java.lang.Long,java.lang.String)
14:41:52.678 [main] INFO  o.s.w.s.m.m.a.RequestMappingHandlerMapping - Mapped "{[/comment/post/comment/{id}],methods=[POST],params=[],headers=[],consumes=[],produces=[],custom=[]}" onto public com.mtg.web.dto.JSON com.mtg.web.controller.impl.CommentControllerImpl.onComment(java.security.Principal,java.lang.Long,java.lang.String)
14:41:52.678 [main] INFO  o.s.w.s.m.m.a.RequestMappingHandlerMapping - Mapped "{[/comment/{id}],methods=[GET],params=[],headers=[],consumes=[],produces=[],custom=[]}" onto public org.springframework.web.servlet.ModelAndView com.mtg.web.controller.impl.CommentControllerImpl.singleComment(java.security.Principal,java.lang.Long)
14:41:52.679 [main] INFO  o.s.w.s.m.m.a.RequestMappingHandlerMapping - Mapped "{[/comment/permalink/{id}],methods=[GET],params=[],headers=[],consumes=[],produces=[],custom=[]}" onto public org.springframework.web.servlet.ModelAndView com.mtg.web.controller.impl.CommentControllerImpl.permalink(java.security.Principal,java.lang.Long)
14:41:52.681 [main] INFO  o.s.w.s.m.m.a.RequestMappingHandlerMapping - Mapped "{[/account/deck/new],methods=[GET],params=[],headers=[],consumes=[],produces=[],custom=[]}" onto public org.springframework.web.servlet.ModelAndView com.mtg.web.controller.impl.AccountDeckControllerImpl.newdeckForm(java.security.Principal)
14:41:52.681 [main] INFO  o.s.w.s.m.m.a.RequestMappingHandlerMapping - Mapped "{[/account/deck/new],methods=[POST],params=[],headers=[],consumes=[],produces=[],custom=[]}" onto public com.mtg.web.dto.JSON com.mtg.web.controller.impl.AccountDeckControllerImpl.newdeck(java.security.Principal,com.mtg.web.dto.NewDeckForm,org.springframework.validation.BindingResult)
14:41:52.682 [main] INFO  o.s.w.s.m.m.a.RequestMappingHandlerMapping - Mapped "{[/account/deck/edit/{id}/{urlFragment}],methods=[],params=[],headers=[],consumes=[],produces=[],custom=[]}" onto public org.springframework.web.servlet.ModelAndView com.mtg.web.controller.impl.AccountDeckControllerImpl.edit(java.security.Principal,java.lang.Long,java.lang.String)
14:41:52.683 [main] INFO  o.s.w.s.m.m.a.RequestMappingHandlerMapping - Mapped "{[/deck/{id}/json],methods=[],params=[],headers=[],consumes=[],produces=[],custom=[]}" onto public com.mtg.web.dto.JSON com.mtg.web.controller.impl.DeckControllerImpl.json(java.security.Principal,java.lang.Long)
14:41:52.684 [main] INFO  o.s.w.s.m.m.a.RequestMappingHandlerMapping - Mapped "{[/deck/{deckId}/add/{cardId}],methods=[],params=[],headers=[],consumes=[],produces=[],custom=[]}" onto public com.mtg.web.dto.JSON com.mtg.web.controller.impl.DeckControllerImpl.addCard(java.security.Principal,java.lang.Long,java.lang.Long)
14:41:52.687 [main] INFO  o.s.w.s.m.m.a.RequestMappingHandlerMapping - Mapped "{[/admin/dashboard],methods=[GET],params=[],headers=[],consumes=[],produces=[],custom=[]}" onto public org.springframework.web.servlet.ModelAndView com.mtg.web.controller.impl.AdminControllerImpl.dashboard(java.security.Principal)
14:41:52.688 [main] INFO  o.s.w.s.m.m.a.RequestMappingHandlerMapping - Mapped "{[/admin/newexpansion],methods=[POST],params=[],headers=[],consumes=[],produces=[],custom=[]}" onto public com.mtg.web.dto.JSON com.mtg.web.controller.impl.AdminControllerImpl.newExpansion(java.security.Principal,com.mtg.web.dto.ExpansionForm,org.springframework.validation.BindingResult)
14:41:52.688 [main] INFO  o.s.w.s.m.m.a.RequestMappingHandlerMapping - Mapped "{[/admin/newcard],methods=[POST],params=[],headers=[],consumes=[],produces=[],custom=[]}" onto public com.mtg.web.dto.JSON com.mtg.web.controller.impl.AdminControllerImpl.newcard(java.security.Principal,com.mtg.web.dto.CardForm,org.springframework.validation.BindingResult)
14:41:52.689 [main] INFO  o.s.w.s.m.m.a.RequestMappingHandlerMapping - Mapped "{[/admin/upload/expsymbol/{expcode}/{rarity}],methods=[],params=[],headers=[],consumes=[],produces=[],custom=[]}" onto public com.mtg.web.dto.JSON com.mtg.web.controller.impl.AdminControllerImpl.uploadExpansionSymbol(java.security.Principal,com.mtg.web.dto.ImageForm,java.lang.String,com.mtg.commons.models.Rarities$Rarity) throws java.io.IOException
14:41:52.689 [main] INFO  o.s.w.s.m.m.a.RequestMappingHandlerMapping - Mapped "{[/admin/parsecards],methods=[],params=[],headers=[],consumes=[],produces=[],custom=[]}" onto public com.mtg.web.dto.JSON com.mtg.web.controller.impl.AdminControllerImpl.parseCards(java.security.Principal,com.mtg.web.dto.ParseCardsForm,org.springframework.validation.BindingResult) throws java.io.IOException
14:41:52.689 [main] INFO  o.s.w.s.m.m.a.RequestMappingHandlerMapping - Mapped "{[/admin/ban/{type}/{id}],methods=[POST],params=[],headers=[],consumes=[],produces=[],custom=[]}" onto public com.mtg.web.dto.JSON com.mtg.web.controller.impl.AdminControllerImpl.ban(java.security.Principal,com.mtg.admin.services.support.BannableType,java.lang.Long)
14:41:52.690 [main] INFO  o.s.w.s.m.m.a.RequestMappingHandlerMapping - Mapped "{[/search/navbar],methods=[],params=[],headers=[],consumes=[],produces=[],custom=[]}" onto public com.mtg.web.dto.JSON com.mtg.web.controller.impl.SearchControllerImpl.navbar(java.lang.String)
14:41:52.692 [main] INFO  o.s.w.s.m.m.a.RequestMappingHandlerMapping - Mapped "{[/account/post/save/{id}],methods=[],params=[],headers=[],consumes=[],produces=[],custom=[]}" onto public com.mtg.web.dto.JSON com.mtg.web.controller.impl.AccountPostControllerImpl.save(java.security.Principal,java.lang.Long)
14:41:52.692 [main] INFO  o.s.w.s.m.m.a.RequestMappingHandlerMapping - Mapped "{[/account/post/unsave/{id}],methods=[],params=[],headers=[],consumes=[],produces=[],custom=[]}" onto public com.mtg.web.dto.JSON com.mtg.web.controller.impl.AccountPostControllerImpl.unsave(java.security.Principal,java.lang.Long)
14:41:52.776 [main] INFO  o.s.w.s.h.SimpleUrlHandlerMapping - Mapped URL path [/libs/**] onto handler of type [class org.springframework.web.servlet.resource.ResourceHttpRequestHandler]
14:41:52.776 [main] INFO  o.s.w.s.h.SimpleUrlHandlerMapping - Mapped URL path [/javascript/**] onto handler of type [class org.springframework.web.servlet.resource.ResourceHttpRequestHandler]
14:41:52.776 [main] INFO  o.s.w.s.h.SimpleUrlHandlerMapping - Mapped URL path [/css/**] onto handler of type [class org.springframework.web.servlet.resource.ResourceHttpRequestHandler]
14:41:52.776 [main] INFO  o.s.w.s.h.SimpleUrlHandlerMapping - Mapped URL path [/images/**] onto handler of type [class org.springframework.web.servlet.resource.ResourceHttpRequestHandler]
14:41:53.170 [main] INFO  o.h.v.e.r.DefaultTraversableResolver - Instantiated an instance of org.hibernate.validator.engine.resolver.JPATraversableResolver.
14:41:53.405 [main] INFO  o.s.w.s.v.f.FreeMarkerConfigurer - ClassTemplateLoader for Spring macros added to FreeMarker configuration
14:41:53.740 [main] INFO  o.s.s.web.DefaultSecurityFilterChain - Creating filter chain: Ant [pattern='/css/**'], []
14:41:53.741 [main] INFO  o.s.s.web.DefaultSecurityFilterChain - Creating filter chain: Ant [pattern='/images/**'], []
14:41:53.741 [main] INFO  o.s.s.web.DefaultSecurityFilterChain - Creating filter chain: Ant [pattern='/javascript/**'], []
14:41:53.741 [main] INFO  o.s.s.web.DefaultSecurityFilterChain - Creating filter chain: Ant [pattern='/libs/**'], []
14:41:53.920 [main] INFO  o.s.s.web.DefaultSecurityFilterChain - Creating filter chain: org.springframework.security.web.util.AnyRequestMatcher@1, [org.springframework.security.web.context.SecurityContextPersistenceFilter@1979119, org.springframework.security.web.authentication.logout.LogoutFilter@1b71290, org.springframework.security.config.annotation.web.configurers.FormLoginConfigurer$1@23c676, org.springframework.security.web.savedrequest.RequestCacheAwareFilter@ba89c5, org.springframework.security.web.servletapi.SecurityContextHolderAwareRequestFilter@aaff8e, org.springframework.security.web.authentication.rememberme.RememberMeAuthenticationFilter@6fe5d3, org.springframework.security.web.authentication.AnonymousAuthenticationFilter@59b536, org.springframework.security.web.session.SessionManagementFilter@187f189, org.springframework.security.web.access.ExceptionTranslationFilter@25d3b, org.springframework.security.web.access.intercept.FilterSecurityInterceptor@13704e9]
14:41:53.996 [main] INFO  o.s.web.context.ContextLoader - Root WebApplicationContext: initialization completed in 10749 ms
14:41:54.116 [main] INFO  o.s.web.servlet.DispatcherServlet - FrameworkServlet 'appServlet': initialization started
14:41:54.124 [main] INFO  o.s.w.c.s.XmlWebApplicationContext - Refreshing WebApplicationContext for namespace 'appServlet-servlet': startup date [Mon Nov 25 14:41:54 PHT 2013]; parent: Root WebApplicationContext
14:41:54.139 [main] INFO  o.s.b.f.s.DefaultListableBeanFactory - Pre-instantiating singletons in org.springframework.beans.factory.support.DefaultListableBeanFactory@12321ca: defining beans []; parent: org.springframework.beans.factory.support.DefaultListableBeanFactory@f1770a
14:41:54.151 [main] INFO  o.s.web.servlet.DispatcherServlet - FrameworkServlet 'appServlet': initialization completed in 34 ms
[INFO] Started Jetty Server
14:42:25.767 [qtp3188885-24] DEBUG c.m.w.interceptor.OnePageInterceptor - Ignoring ajax request: /support/frontpage
14:42:27.502 [qtp3188885-22] INFO  c.m.w.c.impl.PostControllerImpl - Posts requested. user=Anonymous, parent= frontpage 1: frontpage, page = [PageRequestDto@1ac5fd7 page = 0, size = 5]
14:42:27.608 [qtp3188885-22] INFO  c.m.w.i.PostOrCommentInterceptor - Intercepted post or comment view. principal=Anonymous
14:42:27.608 [qtp3188885-22] DEBUG c.m.w.i.PostOrCommentInterceptor - Interception complete. moderator=false, admin=false
14:42:27.608 [qtp3188885-22] DEBUG c.m.w.interceptor.OnePageInterceptor - Ignoring ajax request: /post/frontpage/1/frontpage
14:42:30.624 [qtp3188885-24] INFO  c.m.w.c.impl.PostControllerImpl - View post request. user=Anonymous, post=1: hello-world
14:42:30.647 [qtp3188885-24] INFO  c.m.w.i.PostOrCommentInterceptor - Intercepted post or comment view. principal=Anonymous
14:42:30.647 [qtp3188885-24] DEBUG c.m.w.i.PostOrCommentInterceptor - Interception complete. moderator=false, admin=false
14:42:30.647 [qtp3188885-24] DEBUG c.m.w.interceptor.OnePageInterceptor - Ignoring ajax request: /post/1/hello-world
14:42:33.399 [qtp3188885-21] DEBUG c.m.w.interceptor.OnePageInterceptor - Ignoring ajax request: /auth/login
14:42:39.882 [qtp3188885-23] INFO  c.m.s.s.s.MtgUserDetailsService - Checking username [markm]
14:42:39.910 [qtp3188885-23] INFO  c.m.s.s.s.MtgUserDetailsService - Found: org.springframework.security.core.userdetails.User@62dd340: Username: markm; Password: [PROTECTED]; Enabled: true; AccountNonExpired: true; credentialsNonExpired: true; AccountNonLocked: true; Granted Authorities: ROLE_ADMIN
14:42:39.912 [qtp3188885-23] INFO  c.m.s.s.s.MtgUserDetailsService - Checking username [markm]
14:42:39.920 [qtp3188885-23] INFO  c.m.s.s.s.MtgUserDetailsService - Found: org.springframework.security.core.userdetails.User@62dd340: Username: markm; Password: [PROTECTED]; Enabled: true; AccountNonExpired: true; credentialsNonExpired: true; AccountNonLocked: true; Granted Authorities: ROLE_ADMIN
14:42:39.926 [qtp3188885-23] INFO  c.m.s.s.s.MtgAuthenticationSuccessListener - Authentication success event. auth=org.springframework.security.authentication.UsernamePasswordAuthenticationToken@468e8fdc: Principal: org.springframework.security.core.userdetails.User@62dd340: Username: markm; Password: [PROTECTED]; Enabled: true; AccountNonExpired: true; credentialsNonExpired: true; AccountNonLocked: true; Granted Authorities: ROLE_ADMIN; Credentials: [PROTECTED]; Authenticated: true; Details: org.springframework.security.web.authentication.WebAuthenticationDetails@957e: RemoteIpAddress: 127.0.0.1; SessionId: null; Granted Authorities: ROLE_ADMIN
14:42:40.456 [qtp3188885-23] INFO  audit - [user_login] markm
14:42:40.590 [qtp3188885-22] INFO  c.m.w.c.impl.AccountControllerImpl - Dashboard requested. user=markm
14:42:40.908 [qtp3188885-22] DEBUG c.m.w.interceptor.OnePageInterceptor - Ignoring resource request.
14:42:40.909 [qtp3188885-22] DEBUG c.m.w.interceptor.OnePageInterceptor - Ignoring resource request.
14:42:40.909 [qtp3188885-22] DEBUG c.m.w.interceptor.OnePageInterceptor - Ignoring resource request.
14:42:40.909 [qtp3188885-22] DEBUG c.m.w.interceptor.OnePageInterceptor - Ignoring resource request.
14:42:40.909 [qtp3188885-22] DEBUG c.m.w.interceptor.OnePageInterceptor - Setting view name to index. Adding original URI as target. uri=/account/dashboard
14:42:40.909 [qtp3188885-22] INFO  c.m.w.interceptor.NavbarInterceptor - Injecting account for navbar.
14:42:41.378 [qtp3188885-21] INFO  c.m.w.c.impl.AccountControllerImpl - Dashboard requested. user=markm
14:42:41.637 [qtp3188885-21] DEBUG c.m.w.interceptor.OnePageInterceptor - Ignoring ajax request: /account/dashboard
14:42:41.878 [qtp3188885-23] DEBUG c.m.w.interceptor.OnePageInterceptor - Ignoring ajax request: /account/wantlist
14:42:52.128 [qtp3188885-22] WARN  o.s.web.servlet.PageNotFound - No mapping found for HTTP request with URI [/u/markm/deck/mazes-end] in DispatcherServlet with name 'appServlet'
14:43:04.628 [qtp3188885-21] INFO  c.m.w.c.i.AccountLocationControllerImpl - Add city request. user=markm
14:43:04.821 [qtp3188885-21] DEBUG c.m.w.interceptor.OnePageInterceptor - Ignoring ajax request: /account/addcity
14:43:11.812 [qtp3188885-21] INFO  c.m.w.c.impl.AccountControllerImpl - Dashboard requested. user=markm
14:43:11.988 [qtp3188885-21] DEBUG c.m.w.interceptor.OnePageInterceptor - Ignoring ajax request: /account/dashboard
14:43:12.147 [qtp3188885-20] DEBUG c.m.w.interceptor.OnePageInterceptor - Ignoring ajax request: /account/wantlist
14:43:16.988 [qtp3188885-21] DEBUG c.m.w.interceptor.OnePageInterceptor - Ignoring ajax request: /support/frontpage
14:43:17.182 [qtp3188885-20] INFO  c.m.w.c.impl.PostControllerImpl - Posts requested. user=markm, parent= frontpage 1: frontpage, page = [PageRequestDto@f3a110 page = 0, size = 5]
14:43:17.212 [qtp3188885-20] INFO  c.m.w.i.PostOrCommentInterceptor - Intercepted post or comment view. principal=markm
14:43:17.214 [qtp3188885-20] DEBUG c.m.w.i.PostOrCommentInterceptor - Interception complete. moderator=false, admin=true
14:43:17.214 [qtp3188885-20] DEBUG c.m.w.interceptor.OnePageInterceptor - Ignoring ajax request: /post/frontpage/1/frontpage
14:43:18.404 [qtp3188885-24] INFO  c.m.w.c.i.AdminFrontpageControllerImpl - New post form requested. admin = markm
14:43:18.404 [qtp3188885-24] DEBUG c.m.w.interceptor.OnePageInterceptor - Ignoring ajax request: /admin/frontpage/newpost
14:43:19.761 [qtp3188885-23] DEBUG c.m.w.interceptor.OnePageInterceptor - Ignoring ajax request: /support/frontpage
14:43:19.790 [qtp3188885-24] INFO  c.m.w.c.impl.PostControllerImpl - Posts requested. user=markm, parent= frontpage 1: frontpage, page = [PageRequestDto@1fd6464 page = 0, size = 5]
14:43:19.805 [qtp3188885-24] INFO  c.m.w.i.PostOrCommentInterceptor - Intercepted post or comment view. principal=markm
14:43:19.807 [qtp3188885-24] DEBUG c.m.w.i.PostOrCommentInterceptor - Interception complete. moderator=false, admin=true
14:43:19.807 [qtp3188885-24] DEBUG c.m.w.interceptor.OnePageInterceptor - Ignoring ajax request: /post/frontpage/1/frontpage
18:39:30.339 [Thread-1] INFO  o.s.w.c.s.XmlWebApplicationContext - Closing WebApplicationContext for namespace 'appServlet-servlet': startup date [Mon Nov 25 14:41:54 PHT 2013]; parent: Root WebApplicationContext
18:39:30.339 [Thread-1] INFO  o.s.b.f.s.DefaultListableBeanFactory - Destroying singletons in org.springframework.beans.factory.support.DefaultListableBeanFactory@12321ca: defining beans []; parent: org.springframework.beans.factory.support.DefaultListableBeanFactory@f1770a
18:39:30.342 [Thread-1] INFO  o.s.w.c.s.AnnotationConfigWebApplicationContext - Closing Root WebApplicationContext: startup date [Mon Nov 25 14:41:43 PHT 2013]; root of context hierarchy
18:39:30.343 [Thread-1] INFO  o.s.b.f.s.DefaultListableBeanFactory - Destroying singletons in org.springframework.beans.factory.support.DefaultListableBeanFactory@f1770a: defining beans [org.springframework.context.annotation.internalConfigurationAnnotationProcessor,org.springframework.context.annotation.internalAutowiredAnnotationProcessor,org.springframework.context.annotation.internalRequiredAnnotationProcessor,org.springframework.context.annotation.internalCommonAnnotationProcessor,org.springframework.context.annotation.internalPersistenceAnnotationProcessor,dbMessageSource,accountFormValidator,noImage,cardControllerImpl,profileCommentableControllerImpl,accountControllerImpl,accountBinderControllerImpl,accountWantlistControllerImpl,locationControllerImpl,authenticationControllerImpl,countryControllerImpl,browseControllerImpl,imageControllerImpl,meetupControllerImpl,cityControllerImpl,binderControllerImpl,accountLocationControllerImpl,profileControllerImpl,postControllerImpl,supportControllerImpl,adminFrontpageControllerImpl,liveControllerImpl,commentControllerImpl,accountDeckControllerImpl,deckControllerImpl,adminControllerImpl,searchControllerImpl,accountPostControllerImpl,webConfig,freeMarkerConfig,fileUploadConfig,locationInterceptor,usernameInjectingInterceptor,navbarInterceptor,onePageInterceptor,postOrCommentInterceptor,commonsPersistenceConfig,commonsServicesConfig,genericLocationService,mtgUserDetailsService,mtgAuthenticationSuccessListener,locationSecurityServiceImpl,registrationServiceImpl,securityConfig,persistenceConfig,mailSenderServiceImpl,mailConfiguration,parserConfig,SCGListParser,iconsArchiveCountryParser,auditLoggerImpl,auditConfiguration,adminServicesConfig,adminServiceImpl,locationModificationAspect,postModificationAspect,postsServicesConfig,playerPostServiceImpl,locationServiceImpl,interactiveLocationServiceImpl,org.springframework.context.annotation.ConfigurationClassPostProcessor.importAwareProcessor,org.springframework.aop.config.internalAutoProxyCreator,org.springframework.data.repository.core.support.RepositoryInterfaceAwareBeanPostProcessor#0,org.springframework.dao.annotation.PersistenceExceptionTranslationPostProcessor#0,org.springframework.orm.jpa.support.PersistenceAnnotationBeanPostProcessor#0,playerServiceCustomImpl,playerService,messageService,meetupService,countryServiceCustomImpl,countryService,binderServiceCustomImpl,binderService,pageService,deckServiceCustomImpl,deckService,imageServiceCustomImpl,imageService,cardServiceCustomImpl,cardService,wantedServiceCustomImpl,wantedService,cityService,bundleServiceCustomImpl,bundleService,expansionServiceCustomImpl,expansionService,org.springframework.data.repository.core.support.RepositoryInterfaceAwareBeanPostProcessor#1,accountServiceCustomImpl,accountService,org.springframework.data.repository.core.support.RepositoryInterfaceAwareBeanPostProcessor#2,org.springframework.data.repository.core.support.RepositoryInterfaceAwareBeanPostProcessor#3,org.springframework.data.repository.core.support.RepositoryInterfaceAwareBeanPostProcessor#4,org.springframework.data.repository.core.support.RepositoryInterfaceAwareBeanPostProcessor#5,commentServiceCustomImpl,commentService,postServiceCustomImpl,postService,frontpageService,org.springframework.data.repository.core.support.RepositoryInterfaceAwareBeanPostProcessor#6,org.springframework.web.servlet.config.annotation.DelegatingWebMvcConfiguration,requestMappingHandlerMapping,mvcContentNegotiationManager,viewControllerHandlerMapping,beanNameHandlerMapping,resourceHandlerMapping,defaultServletHandlerMapping,requestMappingHandlerAdapter,mvcConversionService,mvcValidator,httpRequestHandlerAdapter,simpleControllerHandlerAdapter,handlerExceptionResolver,messageSource,defaultValidator,freemarkerConfig,viewResolver,multipartResolver,dataSource,hibernateProperties,entityManagerFactory,transactionManager,hibernateExceptionTranslator,org.springframework.transaction.annotation.ProxyTransactionManagementConfiguration,org.springframework.transaction.config.internalTransactionAdvisor,transactionAttributeSource,transactionInterceptor,org.springframework.security.config.annotation.web.configuration.WebSecurityConfiguration,springSecurityFilterChain,webSecurityExpressionHandler,privilegeEvaluator,org.springframework.security.config.annotation.configuration.ObjectPostProcessorConfiguration,objectPostProcessor,passwordEncoder,textEncryptor,taskExecutor,mailSender,config]; root of factory hierarchy
[INFO] Jetty server exiting.
[INFO] ------------------------------------------------------------------------
[INFO] BUILD SUCCESS
[INFO] ------------------------------------------------------------------------
[INFO] Total time: 3:57:56.681s
[INFO] Finished at: Mon Nov 25 18:39:30 PHT 2013
[INFO] Final Memory: 21M/622M
[INFO] ------------------------------------------------------------------------
